============================================================
Time  2021/07/06 00:55:57 951 
============================================================
[2021/07/06 00:55:57 952] lgi        684  SYS_MSG_LOAD  
[2021/07/06 00:55:57 958] lgi        706  SYS_MSG_REGCB  msp_status_cb  func(b5256790) 
[2021/07/06 00:55:57 961] lgi        298  LGI_MSG_INIT  
[2021/07/06 00:55:57 963] lgi        305  lgi  lgi_  268436457  1573468853  
[2021/07/06 00:55:57 964] lgi        403  token:  nil  
[2021/07/06 00:55:57 965] lgi        476  msc cver : 5.0.44.1288  
[2021/07/06 00:55:57 976] lgi        519  ns_enable=  1  
[2021/07/06 00:55:57 976] lgi        531  prot_ver=1  
[2021/07/06 00:55:57 977] lgi        542  prot_type=tcp  
[2021/07/06 00:55:57 981] lgi        693  SYS_MSG_UNLOAD  go bg!  
============================================================
Time  2021/07/06 01:22:46 307 
============================================================
[2021/07/06 01:22:46 308] lgi        684  SYS_MSG_LOAD  
[2021/07/06 01:22:46 313] lgi        706  SYS_MSG_REGCB  msp_status_cb  func(b5256790) 
[2021/07/06 01:22:46 318] lgi        298  LGI_MSG_INIT  
[2021/07/06 01:22:46 319] lgi        305  lgi  lgi_  268436457  1573468853  
[2021/07/06 01:22:46 321] lgi        403  token:  nil  
[2021/07/06 01:22:46 322] lgi        476  msc cver : 5.0.44.1288  
[2021/07/06 01:22:46 323] lgi        519  ns_enable=  1  
[2021/07/06 01:22:46 324] lgi        531  prot_ver=1  
[2021/07/06 01:22:46 325] lgi        542  prot_type=tcp  
[2021/07/06 01:22:46 329] lgi        693  SYS_MSG_UNLOAD  go bg!  
============================================================
Time  2021/07/06 01:26:29 184 
============================================================
[2021/07/06 01:26:29 185] lgi        684  SYS_MSG_LOAD  
[2021/07/06 01:26:29 191] lgi        706  SYS_MSG_REGCB  msp_status_cb  func(b5256790) 
[2021/07/06 01:26:29 195] lgi        298  LGI_MSG_INIT  
[2021/07/06 01:26:29 196] lgi        305  lgi  lgi_  268436457  1573468853  
[2021/07/06 01:26:29 200] lgi        403  token:  nil  
[2021/07/06 01:26:29 201] lgi        476  msc cver : 5.0.44.1288  
[2021/07/06 01:26:29 202] lgi        519  ns_enable=  1  
[2021/07/06 01:26:29 203] lgi        531  prot_ver=1  
[2021/07/06 01:26:29 203] lgi        542  prot_type=tcp  
[2021/07/06 01:26:29 208] lgi        693  SYS_MSG_UNLOAD  go bg!  
============================================================
Time  2021/07/06 01:26:40 486 
============================================================
[2021/07/06 01:26:40 487] lgi        684  SYS_MSG_LOAD  
[2021/07/06 01:26:40 493] lgi        706  SYS_MSG_REGCB  msp_status_cb  func(b5256790) 
[2021/07/06 01:26:40 497] lgi        298  LGI_MSG_INIT  
[2021/07/06 01:26:40 498] lgi        305  lgi  lgi_  268436457  1573468853  
[2021/07/06 01:26:40 500] lgi        403  token:  nil  
[2021/07/06 01:26:40 502] lgi        476  msc cver : 5.0.44.1288  
[2021/07/06 01:26:40 503] lgi        519  ns_enable=  1  
[2021/07/06 01:26:40 504] lgi        531  prot_ver=1  
[2021/07/06 01:26:40 505] lgi        542  prot_type=tcp  
[2021/07/06 01:26:40 509] lgi        693  SYS_MSG_UNLOAD  go bg!  
============================================================
Time  2021/07/06 01:37:20 314 
============================================================
[2021/07/06 01:37:20 314] lgi        684  SYS_MSG_LOAD  
[2021/07/06 01:37:20 320] lgi        706  SYS_MSG_REGCB  msp_status_cb  func(b5256790) 
[2021/07/06 01:37:20 324] lgi        298  LGI_MSG_INIT  
[2021/07/06 01:37:20 325] lgi        305  lgi  lgi_  268436457  1573468853  
[2021/07/06 01:37:20 327] lgi        403  token:  nil  
[2021/07/06 01:37:20 328] lgi        476  msc cver : 5.0.44.1288  
[2021/07/06 01:37:20 329] lgi        519  ns_enable=  1  
[2021/07/06 01:37:20 330] lgi        531  prot_ver=1  
[2021/07/06 01:37:20 331] lgi        542  prot_type=tcp  
[2021/07/06 01:37:20 334] lgi        693  SYS_MSG_UNLOAD  go bg!  
============================================================
Time  2021/07/06 18:16:33 585 
============================================================
[2021/07/06 18:16:33 590] lgi        684  SYS_MSG_LOAD  
[2021/07/06 18:16:33 623] lgi        706  SYS_MSG_REGCB  msp_status_cb  func(b5256790) 
[2021/07/06 18:16:33 632] lgi        298  LGI_MSG_INIT  
[2021/07/06 18:16:33 633] lgi        305  lgi  lgi_  268436457  1573468853  
[2021/07/06 18:16:33 643] lgi        403  token:  nil  
[2021/07/06 18:16:33 644] lgi        476  msc cver : 5.0.44.1288  
[2021/07/06 18:16:33 645] lgi        519  ns_enable=  1  
[2021/07/06 18:16:33 646] lgi        531  prot_ver=1  
[2021/07/06 18:16:33 647] lgi        542  prot_type=tcp  
[2021/07/06 18:16:33 655] lgi        693  SYS_MSG_UNLOAD  go bg!  
============================================================
Time  2021/07/06 18:17:09 540 
============================================================
[2021/07/06 18:17:09 540] lgi        684  SYS_MSG_LOAD  
[2021/07/06 18:17:09 549] lgi        706  SYS_MSG_REGCB  msp_status_cb  func(b52567a0) 
[2021/07/06 18:17:09 559] lgi        298  LGI_MSG_INIT  
[2021/07/06 18:17:09 560] lgi        305  lgi  lgi_  268436457  1573468853  
[2021/07/06 18:17:09 568] lgi        403  token:  nil  
[2021/07/06 18:17:09 569] lgi        476  msc cver : 5.0.44.1288  
[2021/07/06 18:17:09 571] lgi        519  ns_enable=  1  
[2021/07/06 18:17:09 572] lgi        531  prot_ver=1  
[2021/07/06 18:17:09 572] lgi        542  prot_type=tcp  
[2021/07/06 18:17:09 581] lgi        693  SYS_MSG_UNLOAD  go bg!  
============================================================
Time  2021/07/06 18:18:53 943 
============================================================
[2021/07/06 18:18:53 944] lgi        684  SYS_MSG_LOAD  
[2021/07/06 18:18:53 954] lgi        706  SYS_MSG_REGCB  msp_status_cb  func(b5256790) 
[2021/07/06 18:18:53 962] lgi        298  LGI_MSG_INIT  
[2021/07/06 18:18:53 966] lgi        305  lgi  lgi_  268436457  1573468853  
[2021/07/06 18:18:53 969] lgi        403  token:  nil  
[2021/07/06 18:18:53 970] lgi        476  msc cver : 5.0.44.1288  
[2021/07/06 18:18:53 976] lgi        519  ns_enable=  1  
[2021/07/06 18:18:53 976] lgi        531  prot_ver=1  
[2021/07/06 18:18:53 977] lgi        542  prot_type=tcp  
[2021/07/06 18:18:53 986] lgi        693  SYS_MSG_UNLOAD  go bg!  
============================================================
Time  2021/07/06 18:22:17 387 
============================================================
[2021/07/06 18:22:17 387] lgi        684  SYS_MSG_LOAD  
[2021/07/06 18:22:17 398] lgi        706  SYS_MSG_REGCB  msp_status_cb  func(b5356790) 
[2021/07/06 18:22:17 407] lgi        298  LGI_MSG_INIT  
[2021/07/06 18:22:17 411] lgi        305  lgi  lgi_  268436457  1573468853  
[2021/07/06 18:22:17 418] lgi        403  token:  nil  
[2021/07/06 18:22:17 419] lgi        476  msc cver : 5.0.44.1288  
[2021/07/06 18:22:17 420] lgi        519  ns_enable=  1  
[2021/07/06 18:22:17 421] lgi        531  prot_ver=1  
[2021/07/06 18:22:17 422] lgi        542  prot_type=tcp  
[2021/07/06 18:22:17 430] lgi        693  SYS_MSG_UNLOAD  go bg!  
============================================================
Time  2021/07/06 18:27:24 061 
============================================================
[2021/07/06 18:27:24 061] lgi        684  SYS_MSG_LOAD  
[2021/07/06 18:27:24 067] lgi        706  SYS_MSG_REGCB  msp_status_cb  func(b5256790) 
[2021/07/06 18:27:24 071] lgi        298  LGI_MSG_INIT  
[2021/07/06 18:27:24 072] lgi        305  lgi  lgi_  268436457  1573468853  
[2021/07/06 18:27:24 074] lgi        403  token:  nil  
[2021/07/06 18:27:24 075] lgi        476  msc cver : 5.0.44.1288  
[2021/07/06 18:27:24 075] lgi        519  ns_enable=  1  
[2021/07/06 18:27:24 077] lgi        531  prot_ver=1  
[2021/07/06 18:27:24 078] lgi        542  prot_type=tcp  
[2021/07/06 18:27:24 081] lgi        693  SYS_MSG_UNLOAD  go bg!  
============================================================
Time  2021/07/06 18:27:50 980 
============================================================
[2021/07/06 18:27:50 980] lgi        684  SYS_MSG_LOAD  
[2021/07/06 18:27:50 987] lgi        706  SYS_MSG_REGCB  msp_status_cb  func(b5256790) 
[2021/07/06 18:27:50 991] lgi        298  LGI_MSG_INIT  
[2021/07/06 18:27:50 992] lgi        305  lgi  lgi_  268436457  1573468853  
[2021/07/06 18:27:50 994] lgi        403  token:  nil  
[2021/07/06 18:27:50 995] lgi        476  msc cver : 5.0.44.1288  
[2021/07/06 18:27:50 996] lgi        519  ns_enable=  1  
[2021/07/06 18:27:50 997] lgi        531  prot_ver=1  
[2021/07/06 18:27:50 998] lgi        542  prot_type=tcp  
[2021/07/06 18:27:51 002] lgi        693  SYS_MSG_UNLOAD  go bg!  
============================================================
Time  2021/07/06 18:27:56 886 
============================================================
[2021/07/06 18:27:56 886] lgi        684  SYS_MSG_LOAD  
[2021/07/06 18:27:56 893] lgi        706  SYS_MSG_REGCB  msp_status_cb  func(b5356790) 
[2021/07/06 18:27:56 898] lgi        298  LGI_MSG_INIT  
[2021/07/06 18:27:56 900] lgi        305  lgi  lgi_  268436457  1573468853  
[2021/07/06 18:27:56 902] lgi        403  token:  nil  
[2021/07/06 18:27:56 902] lgi        476  msc cver : 5.0.44.1288  
[2021/07/06 18:27:56 903] lgi        519  ns_enable=  1  
[2021/07/06 18:27:56 904] lgi        531  prot_ver=1  
[2021/07/06 18:27:56 905] lgi        542  prot_type=tcp  
[2021/07/06 18:27:56 909] lgi        693  SYS_MSG_UNLOAD  go bg!  
============================================================
Time  2021/07/06 18:28:07 192 
============================================================
[2021/07/06 18:28:07 192] lgi        684  SYS_MSG_LOAD  
[2021/07/06 18:28:07 197] lgi        706  SYS_MSG_REGCB  msp_status_cb  func(b5356790) 
[2021/07/06 18:28:07 202] lgi        298  LGI_MSG_INIT  
[2021/07/06 18:28:07 203] lgi        305  lgi  lgi_  268436457  1573468853  
[2021/07/06 18:28:07 205] lgi        403  token:  nil  
[2021/07/06 18:28:07 205] lgi        476  msc cver : 5.0.44.1288  
[2021/07/06 18:28:07 206] lgi        519  ns_enable=  1  
[2021/07/06 18:28:07 207] lgi        531  prot_ver=1  
[2021/07/06 18:28:07 208] lgi        542  prot_type=tcp  
[2021/07/06 18:28:07 212] lgi        693  SYS_MSG_UNLOAD  go bg!  
============================================================
Time  2021/07/06 18:28:15 821 
============================================================
[2021/07/06 18:28:15 822] lgi        684  SYS_MSG_LOAD  
[2021/07/06 18:28:15 828] lgi        706  SYS_MSG_REGCB  msp_status_cb  func(b5256790) 
[2021/07/06 18:28:15 832] lgi        298  LGI_MSG_INIT  
[2021/07/06 18:28:15 832] lgi        305  lgi  lgi_  268436457  1573468853  
[2021/07/06 18:28:15 835] lgi        403  token:  nil  
[2021/07/06 18:28:15 836] lgi        476  msc cver : 5.0.44.1288  
[2021/07/06 18:28:15 837] lgi        519  ns_enable=  1  
[2021/07/06 18:28:15 838] lgi        531  prot_ver=1  
[2021/07/06 18:28:15 839] lgi        542  prot_type=tcp  
[2021/07/06 18:28:15 842] lgi        693  SYS_MSG_UNLOAD  go bg!  
============================================================
Time  2021/07/06 18:28:19 110 
============================================================
[2021/07/06 18:28:19 110] lgi        684  SYS_MSG_LOAD  
[2021/07/06 18:28:19 117] lgi        706  SYS_MSG_REGCB  msp_status_cb  func(b5256790) 
[2021/07/06 18:28:19 121] lgi        298  LGI_MSG_INIT  
[2021/07/06 18:28:19 122] lgi        305  lgi  lgi_  268436457  1573468853  
[2021/07/06 18:28:19 124] lgi        403  token:  nil  
[2021/07/06 18:28:19 125] lgi        476  msc cver : 5.0.44.1288  
[2021/07/06 18:28:19 126] lgi        519  ns_enable=  1  
[2021/07/06 18:28:19 127] lgi        531  prot_ver=1  
[2021/07/06 18:28:19 129] lgi        542  prot_type=tcp  
[2021/07/06 18:28:19 133] lgi        693  SYS_MSG_UNLOAD  go bg!  
============================================================
Time  2021/07/06 18:28:24 140 
============================================================
[2021/07/06 18:28:24 140] lgi        684  SYS_MSG_LOAD  
[2021/07/06 18:28:24 147] lgi        706  SYS_MSG_REGCB  msp_status_cb  func(b5256790) 
[2021/07/06 18:28:24 151] lgi        298  LGI_MSG_INIT  
[2021/07/06 18:28:24 152] lgi        305  lgi  lgi_  268436457  1573468853  
[2021/07/06 18:28:24 154] lgi        403  token:  nil  
[2021/07/06 18:28:24 154] lgi        476  msc cver : 5.0.44.1288  
[2021/07/06 18:28:24 155] lgi        519  ns_enable=  1  
[2021/07/06 18:28:24 157] lgi        531  prot_ver=1  
[2021/07/06 18:28:24 158] lgi        542  prot_type=tcp  
[2021/07/06 18:28:24 161] lgi        693  SYS_MSG_UNLOAD  go bg!  
============================================================
Time  2021/07/06 18:28:47 635 
============================================================
[2021/07/06 18:28:47 635] lgi        684  SYS_MSG_LOAD  
[2021/07/06 18:28:47 643] lgi        706  SYS_MSG_REGCB  msp_status_cb  func(b5256790) 
[2021/07/06 18:28:47 648] lgi        298  LGI_MSG_INIT  
[2021/07/06 18:28:47 649] lgi        305  lgi  lgi_  268436457  1573468853  
[2021/07/06 18:28:47 651] lgi        403  token:  nil  
[2021/07/06 18:28:47 652] lgi        476  msc cver : 5.0.44.1288  
[2021/07/06 18:28:47 653] lgi        519  ns_enable=  1  
[2021/07/06 18:28:47 654] lgi        531  prot_ver=1  
[2021/07/06 18:28:47 655] lgi        542  prot_type=tcp  
[2021/07/06 18:28:47 659] lgi        693  SYS_MSG_UNLOAD  go bg!  
============================================================
Time  2021/07/06 18:29:07 630 
============================================================
[2021/07/06 18:29:07 630] lgi        684  SYS_MSG_LOAD  
[2021/07/06 18:29:07 635] lgi        706  SYS_MSG_REGCB  msp_status_cb  func(b5256790) 
[2021/07/06 18:29:07 640] lgi        298  LGI_MSG_INIT  
[2021/07/06 18:29:07 641] lgi        305  lgi  lgi_  268436457  1573468853  
[2021/07/06 18:29:07 642] lgi        403  token:  nil  
[2021/07/06 18:29:07 643] lgi        476  msc cver : 5.0.44.1288  
[2021/07/06 18:29:07 644] lgi        519  ns_enable=  1  
[2021/07/06 18:29:07 645] lgi        531  prot_ver=1  
[2021/07/06 18:29:07 646] lgi        542  prot_type=tcp  
[2021/07/06 18:29:07 650] lgi        693  SYS_MSG_UNLOAD  go bg!  
============================================================
Time  2021/07/06 18:29:33 438 
============================================================
[2021/07/06 18:29:33 438] lgi        684  SYS_MSG_LOAD  
[2021/07/06 18:29:33 445] lgi        706  SYS_MSG_REGCB  msp_status_cb  func(b5256790) 
[2021/07/06 18:29:33 448] lgi        298  LGI_MSG_INIT  
[2021/07/06 18:29:33 449] lgi        305  lgi  lgi_  268436457  1573468853  
[2021/07/06 18:29:33 452] lgi        403  token:  nil  
[2021/07/06 18:29:33 453] lgi        476  msc cver : 5.0.44.1288  
[2021/07/06 18:29:33 454] lgi        519  ns_enable=  1  
[2021/07/06 18:29:33 455] lgi        531  prot_ver=1  
[2021/07/06 18:29:33 455] lgi        542  prot_type=tcp  
[2021/07/06 18:29:33 459] lgi        693  SYS_MSG_UNLOAD  go bg!  
============================================================
Time  2021/07/06 18:29:43 734 
============================================================
[2021/07/06 18:29:43 734] lgi        684  SYS_MSG_LOAD  
[2021/07/06 18:29:43 741] lgi        706  SYS_MSG_REGCB  msp_status_cb  func(b5256790) 
[2021/07/06 18:29:43 745] lgi        298  LGI_MSG_INIT  
[2021/07/06 18:29:43 746] lgi        305  lgi  lgi_  268436457  1573468853  
[2021/07/06 18:29:43 747] lgi        403  token:  nil  
[2021/07/06 18:29:43 748] lgi        476  msc cver : 5.0.44.1288  
[2021/07/06 18:29:43 749] lgi        519  ns_enable=  1  
[2021/07/06 18:29:43 750] lgi        531  prot_ver=1  
[2021/07/06 18:29:43 751] lgi        542  prot_type=tcp  
[2021/07/06 18:29:43 755] lgi        693  SYS_MSG_UNLOAD  go bg!  
============================================================
Time  2021/07/06 18:29:47 783 
============================================================
[2021/07/06 18:29:47 784] lgi        684  SYS_MSG_LOAD  
[2021/07/06 18:29:47 789] lgi        706  SYS_MSG_REGCB  msp_status_cb  func(b52567a0) 
[2021/07/06 18:29:47 794] lgi        298  LGI_MSG_INIT  
[2021/07/06 18:29:47 795] lgi        305  lgi  lgi_  268436457  1573468853  
[2021/07/06 18:29:47 797] lgi        403  token:  nil  
[2021/07/06 18:29:47 797] lgi        476  msc cver : 5.0.44.1288  
[2021/07/06 18:29:47 798] lgi        519  ns_enable=  1  
[2021/07/06 18:29:47 799] lgi        531  prot_ver=1  
[2021/07/06 18:29:47 801] lgi        542  prot_type=tcp  
[2021/07/06 18:29:47 804] lgi        693  SYS_MSG_UNLOAD  go bg!  
============================================================
Time  2021/07/07 01:49:36 217 
============================================================
[2021/07/07 01:49:36 219] lgi        684  SYS_MSG_LOAD  
[2021/07/07 01:49:36 239] lgi        706  SYS_MSG_REGCB  msp_status_cb  func(b5356790) 
[2021/07/07 01:49:36 254] lgi        298  LGI_MSG_INIT  
[2021/07/07 01:49:36 257] lgi        305  lgi  lgi_  268436457  1573468853  
[2021/07/07 01:49:36 262] lgi        403  token:  nil  
[2021/07/07 01:49:36 266] lgi        476  msc cver : 5.0.44.1288  
[2021/07/07 01:49:36 270] lgi        519  ns_enable=  1  
[2021/07/07 01:49:36 273] lgi        531  prot_ver=1  
[2021/07/07 01:49:36 276] lgi        542  prot_type=tcp  
[2021/07/07 01:49:36 286] lgi        693  SYS_MSG_UNLOAD  go bg!  
============================================================
Time  2021/07/07 01:50:06 530 
============================================================
[2021/07/07 01:50:06 532] lgi        684  SYS_MSG_LOAD  
[2021/07/07 01:50:06 545] lgi        706  SYS_MSG_REGCB  msp_status_cb  func(b5256790) 
[2021/07/07 01:50:06 554] lgi        298  LGI_MSG_INIT  
[2021/07/07 01:50:06 556] lgi        305  lgi  lgi_  268436457  1573468853  
[2021/07/07 01:50:06 559] lgi        403  token:  nil  
[2021/07/07 01:50:06 561] lgi        476  msc cver : 5.0.44.1288  
[2021/07/07 01:50:06 564] lgi        519  ns_enable=  1  
[2021/07/07 01:50:06 566] lgi        531  prot_ver=1  
[2021/07/07 01:50:06 567] lgi        542  prot_type=tcp  
[2021/07/07 01:50:06 576] lgi        693  SYS_MSG_UNLOAD  go bg!  
============================================================
Time  2021/07/07 01:52:51 277 
============================================================
[2021/07/07 01:52:51 278] lgi        684  SYS_MSG_LOAD  
[2021/07/07 01:52:51 294] lgi        706  SYS_MSG_REGCB  msp_status_cb  func(b5256790) 
[2021/07/07 01:52:51 304] lgi        298  LGI_MSG_INIT  
[2021/07/07 01:52:51 306] lgi        305  lgi  lgi_  268436457  1573468853  
[2021/07/07 01:52:51 311] lgi        403  token:  nil  
[2021/07/07 01:52:51 313] lgi        476  msc cver : 5.0.44.1288  
[2021/07/07 01:52:51 318] lgi        519  ns_enable=  1  
[2021/07/07 01:52:51 321] lgi        531  prot_ver=1  
[2021/07/07 01:52:51 326] lgi        542  prot_type=tcp  
[2021/07/07 01:52:51 337] lgi        693  SYS_MSG_UNLOAD  go bg!  
============================================================
Time  2021/07/07 01:57:02 155 
============================================================
[2021/07/07 01:57:02 157] lgi        684  SYS_MSG_LOAD  
[2021/07/07 01:57:02 173] lgi        706  SYS_MSG_REGCB  msp_status_cb  func(b5256790) 
[2021/07/07 01:57:02 186] lgi        298  LGI_MSG_INIT  
[2021/07/07 01:57:02 188] lgi        305  lgi  lgi_  268436457  1573468853  
[2021/07/07 01:57:02 193] lgi        403  token:  nil  
[2021/07/07 01:57:02 196] lgi        476  msc cver : 5.0.44.1288  
[2021/07/07 01:57:02 199] lgi        519  ns_enable=  1  
[2021/07/07 01:57:02 201] lgi        531  prot_ver=1  
[2021/07/07 01:57:02 204] lgi        542  prot_type=tcp  
[2021/07/07 01:57:02 215] lgi        693  SYS_MSG_UNLOAD  go bg!  
============================================================
Time  2021/07/07 01:57:23 147 
============================================================
[2021/07/07 01:57:23 149] lgi        684  SYS_MSG_LOAD  
[2021/07/07 01:57:23 170] lgi        706  SYS_MSG_REGCB  msp_status_cb  func(b5256790) 
[2021/07/07 01:57:23 187] lgi        298  LGI_MSG_INIT  
[2021/07/07 01:57:23 192] lgi        305  lgi  lgi_  268436457  1573468853  
[2021/07/07 01:57:23 199] lgi        403  token:  nil  
[2021/07/07 01:57:23 202] lgi        476  msc cver : 5.0.44.1288  
[2021/07/07 01:57:23 205] lgi        519  ns_enable=  1  
[2021/07/07 01:57:23 208] lgi        531  prot_ver=1  
[2021/07/07 01:57:23 211] lgi        542  prot_type=tcp  
[2021/07/07 01:57:23 224] lgi        693  SYS_MSG_UNLOAD  go bg!  
============================================================
Time  2021/07/07 01:58:22 502 
============================================================
[2021/07/07 01:58:22 504] lgi        684  SYS_MSG_LOAD  
[2021/07/07 01:58:22 523] lgi        706  SYS_MSG_REGCB  msp_status_cb  func(b52567a0) 
[2021/07/07 01:58:22 534] lgi        298  LGI_MSG_INIT  
[2021/07/07 01:58:22 536] lgi        305  lgi  lgi_  268436457  1573468853  
[2021/07/07 01:58:22 543] lgi        403  token:  nil  
[2021/07/07 01:58:22 547] lgi        476  msc cver : 5.0.44.1288  
[2021/07/07 01:58:22 551] lgi        519  ns_enable=  1  
[2021/07/07 01:58:22 553] lgi        531  prot_ver=1  
[2021/07/07 01:58:22 555] lgi        542  prot_type=tcp  
[2021/07/07 01:58:22 564] lgi        693  SYS_MSG_UNLOAD  go bg!  
============================================================
Time  2021/07/07 01:58:32 612 
============================================================
[2021/07/07 01:58:32 613] lgi        684  SYS_MSG_LOAD  
[2021/07/07 01:58:32 629] lgi        706  SYS_MSG_REGCB  msp_status_cb  func(b5256790) 
[2021/07/07 01:58:32 640] lgi        298  LGI_MSG_INIT  
[2021/07/07 01:58:32 642] lgi        305  lgi  lgi_  268436457  1573468853  
[2021/07/07 01:58:32 646] lgi        403  token:  nil  
[2021/07/07 01:58:32 648] lgi        476  msc cver : 5.0.44.1288  
[2021/07/07 01:58:32 651] lgi        519  ns_enable=  1  
[2021/07/07 01:58:32 653] lgi        531  prot_ver=1  
[2021/07/07 01:58:32 656] lgi        542  prot_type=tcp  
[2021/07/07 01:58:32 664] lgi        693  SYS_MSG_UNLOAD  go bg!  
============================================================
Time  2021/07/07 02:01:04 647 
============================================================
[2021/07/07 02:01:04 649] lgi        684  SYS_MSG_LOAD  
[2021/07/07 02:01:04 667] lgi        706  SYS_MSG_REGCB  msp_status_cb  func(b5256790) 
[2021/07/07 02:01:04 677] lgi        298  LGI_MSG_INIT  
[2021/07/07 02:01:04 679] lgi        305  lgi  lgi_  268436457  1573468853  
[2021/07/07 02:01:04 683] lgi        403  token:  nil  
[2021/07/07 02:01:04 684] lgi        476  msc cver : 5.0.44.1288  
[2021/07/07 02:01:04 687] lgi        519  ns_enable=  1  
[2021/07/07 02:01:04 690] lgi        531  prot_ver=1  
[2021/07/07 02:01:04 692] lgi        542  prot_type=tcp  
[2021/07/07 02:01:04 702] lgi        693  SYS_MSG_UNLOAD  go bg!  
============================================================
Time  2021/07/07 04:15:11 168 
============================================================
[2021/07/07 04:15:11 169] lgi        684  SYS_MSG_LOAD  
[2021/07/07 04:15:11 179] lgi        706  SYS_MSG_REGCB  msp_status_cb  func(b52567a0) 
[2021/07/07 04:15:11 185] lgi        298  LGI_MSG_INIT  
[2021/07/07 04:15:11 187] lgi        305  lgi  lgi_  268436457  1573468853  
[2021/07/07 04:15:11 191] lgi        403  token:  nil  
[2021/07/07 04:15:11 192] lgi        476  msc cver : 5.0.44.1288  
[2021/07/07 04:15:11 194] lgi        519  ns_enable=  1  
[2021/07/07 04:15:11 195] lgi        531  prot_ver=1  
[2021/07/07 04:15:11 197] lgi        542  prot_type=tcp  
[2021/07/07 04:15:11 203] lgi        693  SYS_MSG_UNLOAD  go bg!  
============================================================
Time  2021/07/07 04:15:57 370 
============================================================
[2021/07/07 04:15:57 373] lgi        684  SYS_MSG_LOAD  
[2021/07/07 04:15:57 386] lgi        706  SYS_MSG_REGCB  msp_status_cb  func(b5356790) 
[2021/07/07 04:15:57 396] lgi        298  LGI_MSG_INIT  
[2021/07/07 04:15:57 400] lgi        305  lgi  lgi_  268436457  1573468853  
[2021/07/07 04:15:57 407] lgi        403  token:  nil  
[2021/07/07 04:15:57 409] lgi        476  msc cver : 5.0.44.1288  
[2021/07/07 04:15:57 412] lgi        519  ns_enable=  1  
[2021/07/07 04:15:57 414] lgi        531  prot_ver=1  
[2021/07/07 04:15:57 416] lgi        542  prot_type=tcp  
[2021/07/07 04:15:57 429] lgi        693  SYS_MSG_UNLOAD  go bg!  
============================================================
Time  2021/07/07 04:20:07 550 
============================================================
[2021/07/07 04:20:07 551] lgi        684  SYS_MSG_LOAD  
[2021/07/07 04:20:07 561] lgi        706  SYS_MSG_REGCB  msp_status_cb  func(b5256790) 
[2021/07/07 04:20:07 567] lgi        298  LGI_MSG_INIT  
[2021/07/07 04:20:07 568] lgi        305  lgi  lgi_  268436457  1573468853  
[2021/07/07 04:20:07 571] lgi        403  token:  nil  
[2021/07/07 04:20:07 572] lgi        476  msc cver : 5.0.44.1288  
[2021/07/07 04:20:07 574] lgi        519  ns_enable=  1  
[2021/07/07 04:20:07 577] lgi        531  prot_ver=1  
[2021/07/07 04:20:07 578] lgi        542  prot_type=tcp  
[2021/07/07 04:20:07 584] lgi        693  SYS_MSG_UNLOAD  go bg!  
============================================================
Time  2021/07/07 04:20:28 991 
============================================================
[2021/07/07 04:20:28 992] lgi        684  SYS_MSG_LOAD  
[2021/07/07 04:20:29 001] lgi        706  SYS_MSG_REGCB  msp_status_cb  func(b5256790) 
[2021/07/07 04:20:29 007] lgi        298  LGI_MSG_INIT  
[2021/07/07 04:20:29 009] lgi        305  lgi  lgi_  268436457  1573468853  
[2021/07/07 04:20:29 014] lgi        403  token:  nil  
[2021/07/07 04:20:29 016] lgi        476  msc cver : 5.0.44.1288  
[2021/07/07 04:20:29 018] lgi        519  ns_enable=  1  
[2021/07/07 04:20:29 020] lgi        531  prot_ver=1  
[2021/07/07 04:20:29 021] lgi        542  prot_type=tcp  
[2021/07/07 04:20:29 027] lgi        693  SYS_MSG_UNLOAD  go bg!  
============================================================
Time  2021/07/07 04:21:37 141 
============================================================
[2021/07/07 04:21:37 142] lgi        684  SYS_MSG_LOAD  
[2021/07/07 04:21:37 151] lgi        706  SYS_MSG_REGCB  msp_status_cb  func(b5256790) 
[2021/07/07 04:21:37 157] lgi        298  LGI_MSG_INIT  
[2021/07/07 04:21:37 159] lgi        305  lgi  lgi_  268436457  1573468853  
[2021/07/07 04:21:37 162] lgi        403  token:  nil  
[2021/07/07 04:21:37 163] lgi        476  msc cver : 5.0.44.1288  
[2021/07/07 04:21:37 165] lgi        519  ns_enable=  1  
[2021/07/07 04:21:37 166] lgi        531  prot_ver=1  
[2021/07/07 04:21:37 167] lgi        542  prot_type=tcp  
[2021/07/07 04:21:37 174] lgi        693  SYS_MSG_UNLOAD  go bg!  
============================================================
Time  2021/07/07 04:22:08 433 
============================================================
[2021/07/07 04:22:08 434] lgi        684  SYS_MSG_LOAD  
[2021/07/07 04:22:08 443] lgi        706  SYS_MSG_REGCB  msp_status_cb  func(b5256790) 
[2021/07/07 04:22:08 450] lgi        298  LGI_MSG_INIT  
[2021/07/07 04:22:08 451] lgi        305  lgi  lgi_  268436457  1573468853  
[2021/07/07 04:22:08 454] lgi        403  token:  nil  
[2021/07/07 04:22:08 456] lgi        476  msc cver : 5.0.44.1288  
[2021/07/07 04:22:08 458] lgi        519  ns_enable=  1  
[2021/07/07 04:22:08 459] lgi        531  prot_ver=1  
[2021/07/07 04:22:08 460] lgi        542  prot_type=tcp  
[2021/07/07 04:22:08 466] lgi        693  SYS_MSG_UNLOAD  go bg!  
============================================================
Time  2021/07/07 04:23:26 275 
============================================================
[2021/07/07 04:23:26 276] lgi        684  SYS_MSG_LOAD  
[2021/07/07 04:23:26 285] lgi        706  SYS_MSG_REGCB  msp_status_cb  func(b5256790) 
[2021/07/07 04:23:26 292] lgi        298  LGI_MSG_INIT  
[2021/07/07 04:23:26 293] lgi        305  lgi  lgi_  268436457  1573468853  
[2021/07/07 04:23:26 296] lgi        403  token:  nil  
[2021/07/07 04:23:26 298] lgi        476  msc cver : 5.0.44.1288  
[2021/07/07 04:23:26 300] lgi        519  ns_enable=  1  
[2021/07/07 04:23:26 301] lgi        531  prot_ver=1  
[2021/07/07 04:23:26 303] lgi        542  prot_type=tcp  
[2021/07/07 04:23:26 308] lgi        693  SYS_MSG_UNLOAD  go bg!  
============================================================
Time  2021/07/07 04:26:36 471 
============================================================
[2021/07/07 04:26:36 472] lgi        684  SYS_MSG_LOAD  
[2021/07/07 04:26:36 483] lgi        706  SYS_MSG_REGCB  msp_status_cb  func(b5356790) 
[2021/07/07 04:26:36 491] lgi        298  LGI_MSG_INIT  
[2021/07/07 04:26:36 492] lgi        305  lgi  lgi_  268436457  1573468853  
[2021/07/07 04:26:36 495] lgi        403  token:  nil  
[2021/07/07 04:26:36 497] lgi        476  msc cver : 5.0.44.1288  
[2021/07/07 04:26:36 499] lgi        519  ns_enable=  1  
[2021/07/07 04:26:36 501] lgi        531  prot_ver=1  
[2021/07/07 04:26:36 503] lgi        542  prot_type=tcp  
[2021/07/07 04:26:36 510] lgi        693  SYS_MSG_UNLOAD  go bg!  
============================================================
Time  2021/07/07 04:30:18 557 
============================================================
[2021/07/07 04:30:18 558] lgi        684  SYS_MSG_LOAD  
[2021/07/07 04:30:18 568] lgi        706  SYS_MSG_REGCB  msp_status_cb  func(b52567a0) 
[2021/07/07 04:30:18 576] lgi        298  LGI_MSG_INIT  
[2021/07/07 04:30:18 577] lgi        305  lgi  lgi_  268436457  1573468853  
[2021/07/07 04:30:18 580] lgi        403  token:  nil  
[2021/07/07 04:30:18 582] lgi        476  msc cver : 5.0.44.1288  
[2021/07/07 04:30:18 584] lgi        519  ns_enable=  1  
[2021/07/07 04:30:18 586] lgi        531  prot_ver=1  
[2021/07/07 04:30:18 587] lgi        542  prot_type=tcp  
[2021/07/07 04:30:18 592] lgi        693  SYS_MSG_UNLOAD  go bg!  
============================================================
Time  2021/07/07 04:30:39 849 
============================================================
[2021/07/07 04:30:39 850] lgi        684  SYS_MSG_LOAD  
[2021/07/07 04:30:39 863] lgi        706  SYS_MSG_REGCB  msp_status_cb  func(b5256790) 
[2021/07/07 04:30:39 872] lgi        298  LGI_MSG_INIT  
[2021/07/07 04:30:39 875] lgi        305  lgi  lgi_  268436457  1573468853  
[2021/07/07 04:30:39 878] lgi        403  token:  nil  
[2021/07/07 04:30:39 880] lgi        476  msc cver : 5.0.44.1288  
[2021/07/07 04:30:39 881] lgi        519  ns_enable=  1  
[2021/07/07 04:30:39 883] lgi        531  prot_ver=1  
[2021/07/07 04:30:39 884] lgi        542  prot_type=tcp  
[2021/07/07 04:30:39 895] lgi        693  SYS_MSG_UNLOAD  go bg!  
============================================================
Time  2021/07/07 04:30:43 993 
============================================================
[2021/07/07 04:30:43 994] lgi        684  SYS_MSG_LOAD  
[2021/07/07 04:30:44 005] lgi        706  SYS_MSG_REGCB  msp_status_cb  func(b5226238) 
[2021/07/07 04:30:44 013] lgi        298  LGI_MSG_INIT  
[2021/07/07 04:30:44 015] lgi        305  lgi  lgi_  268436457  1573468853  
[2021/07/07 04:30:44 019] lgi        403  token:  nil  
[2021/07/07 04:30:44 021] lgi        476  msc cver : 5.0.44.1288  
[2021/07/07 04:30:44 022] lgi        519  ns_enable=  1  
[2021/07/07 04:30:44 230] lgi        531  prot_ver=1  
[2021/07/07 04:30:44 232] lgi        542  prot_type=tcp  
[2021/07/07 04:30:44 238] lgi        693  SYS_MSG_UNLOAD  go bg!  
============================================================
Time  2021/07/07 04:31:14 443 
============================================================
[2021/07/07 04:31:14 444] lgi        684  SYS_MSG_LOAD  
[2021/07/07 04:31:14 453] lgi        706  SYS_MSG_REGCB  msp_status_cb  func(b5256790) 
[2021/07/07 04:31:14 460] lgi        298  LGI_MSG_INIT  
[2021/07/07 04:31:14 461] lgi        305  lgi  lgi_  268436457  1573468853  
[2021/07/07 04:31:14 463] lgi        403  token:  nil  
[2021/07/07 04:31:14 465] lgi        476  msc cver : 5.0.44.1288  
[2021/07/07 04:31:14 468] lgi        519  ns_enable=  1  
[2021/07/07 04:31:14 469] lgi        531  prot_ver=1  
[2021/07/07 04:31:14 470] lgi        542  prot_type=tcp  
[2021/07/07 04:31:14 476] lgi        693  SYS_MSG_UNLOAD  go bg!  
============================================================
Time  2021/07/07 06:21:42 358 
============================================================
[2021/07/07 06:21:42 359] lgi        684  SYS_MSG_LOAD  
[2021/07/07 06:21:42 369] lgi        706  SYS_MSG_REGCB  msp_status_cb  func(b52567a0) 
[2021/07/07 06:21:42 378] lgi        298  LGI_MSG_INIT  
[2021/07/07 06:21:42 380] lgi        305  lgi  lgi_  268436457  1573468853  
[2021/07/07 06:21:42 384] lgi        403  token:  nil  
[2021/07/07 06:21:42 386] lgi        476  msc cver : 5.0.44.1288  
[2021/07/07 06:21:42 388] lgi        519  ns_enable=  1  
[2021/07/07 06:21:42 390] lgi        531  prot_ver=1  
[2021/07/07 06:21:42 392] lgi        542  prot_type=tcp  
[2021/07/07 06:21:42 399] lgi        693  SYS_MSG_UNLOAD  go bg!  
============================================================
Time  2021/07/07 06:21:51 534 
============================================================
[2021/07/07 06:21:51 535] lgi        684  SYS_MSG_LOAD  
[2021/07/07 06:21:51 546] lgi        706  SYS_MSG_REGCB  msp_status_cb  func(b5356790) 
[2021/07/07 06:21:51 554] lgi        298  LGI_MSG_INIT  
[2021/07/07 06:21:51 555] lgi        305  lgi  lgi_  268436457  1573468853  
[2021/07/07 06:21:51 561] lgi        403  token:  nil  
[2021/07/07 06:21:51 563] lgi        476  msc cver : 5.0.44.1288  
[2021/07/07 06:21:51 565] lgi        519  ns_enable=  1  
[2021/07/07 06:21:51 567] lgi        531  prot_ver=1  
[2021/07/07 06:21:51 569] lgi        542  prot_type=tcp  
[2021/07/07 06:21:51 579] lgi        693  SYS_MSG_UNLOAD  go bg!  
============================================================
Time  2021/07/07 06:22:26 049 
============================================================
[2021/07/07 06:22:26 050] lgi        684  SYS_MSG_LOAD  
[2021/07/07 06:22:26 063] lgi        706  SYS_MSG_REGCB  msp_status_cb  func(b52567a0) 
[2021/07/07 06:22:26 071] lgi        298  LGI_MSG_INIT  
[2021/07/07 06:22:26 073] lgi        305  lgi  lgi_  268436457  1573468853  
[2021/07/07 06:22:26 077] lgi        403  token:  nil  
[2021/07/07 06:22:26 079] lgi        476  msc cver : 5.0.44.1288  
[2021/07/07 06:22:26 082] lgi        519  ns_enable=  1  
[2021/07/07 06:22:26 083] lgi        531  prot_ver=1  
[2021/07/07 06:22:26 085] lgi        542  prot_type=tcp  
[2021/07/07 06:22:26 093] lgi        693  SYS_MSG_UNLOAD  go bg!  
============================================================
Time  2021/07/07 06:22:27 870 
============================================================
[2021/07/07 06:22:27 870] lgi        684  SYS_MSG_LOAD  
[2021/07/07 06:22:27 880] lgi        706  SYS_MSG_REGCB  msp_status_cb  func(b5256790) 
[2021/07/07 06:22:27 888] lgi        298  LGI_MSG_INIT  
[2021/07/07 06:22:27 889] lgi        305  lgi  lgi_  268436457  1573468853  
[2021/07/07 06:22:27 893] lgi        403  token:  nil  
[2021/07/07 06:22:27 895] lgi        476  msc cver : 5.0.44.1288  
[2021/07/07 06:22:27 897] lgi        519  ns_enable=  1  
[2021/07/07 06:22:27 899] lgi        531  prot_ver=1  
[2021/07/07 06:22:27 901] lgi        542  prot_type=tcp  
[2021/07/07 06:22:27 908] lgi        693  SYS_MSG_UNLOAD  go bg!  
============================================================
Time  2021/07/07 06:22:35 251 
============================================================
[2021/07/07 06:22:35 252] lgi        684  SYS_MSG_LOAD  
[2021/07/07 06:22:35 265] lgi        706  SYS_MSG_REGCB  msp_status_cb  func(b5256790) 
[2021/07/07 06:22:35 273] lgi        298  LGI_MSG_INIT  
[2021/07/07 06:22:35 276] lgi        305  lgi  lgi_  268436457  1573468853  
[2021/07/07 06:22:35 279] lgi        403  token:  nil  
[2021/07/07 06:22:35 281] lgi        476  msc cver : 5.0.44.1288  
[2021/07/07 06:22:35 282] lgi        519  ns_enable=  1  
[2021/07/07 06:22:35 285] lgi        531  prot_ver=1  
[2021/07/07 06:22:35 286] lgi        542  prot_type=tcp  
[2021/07/07 06:22:35 292] lgi        693  SYS_MSG_UNLOAD  go bg!  
============================================================
Time  2021/07/07 06:24:58 813 
============================================================
[2021/07/07 06:24:58 814] lgi        684  SYS_MSG_LOAD  
[2021/07/07 06:24:58 824] lgi        706  SYS_MSG_REGCB  msp_status_cb  func(b5256790) 
[2021/07/07 06:24:58 833] lgi        298  LGI_MSG_INIT  
[2021/07/07 06:24:58 835] lgi        305  lgi  lgi_  268436457  1573468853  
[2021/07/07 06:24:58 838] lgi        403  token:  nil  
[2021/07/07 06:24:58 840] lgi        476  msc cver : 5.0.44.1288  
[2021/07/07 06:24:58 841] lgi        519  ns_enable=  1  
[2021/07/07 06:24:58 843] lgi        531  prot_ver=1  
[2021/07/07 06:24:58 844] lgi        542  prot_type=tcp  
[2021/07/07 06:24:58 850] lgi        693  SYS_MSG_UNLOAD  go bg!  
============================================================
Time  2021/07/07 06:25:37 066 
============================================================
[2021/07/07 06:25:37 067] lgi        684  SYS_MSG_LOAD  
[2021/07/07 06:25:37 078] lgi        706  SYS_MSG_REGCB  msp_status_cb  func(b52567a0) 
[2021/07/07 06:25:37 085] lgi        298  LGI_MSG_INIT  
[2021/07/07 06:25:37 087] lgi        305  lgi  lgi_  268436457  1573468853  
[2021/07/07 06:25:37 089] lgi        403  token:  nil  
[2021/07/07 06:25:37 091] lgi        476  msc cver : 5.0.44.1288  
[2021/07/07 06:25:37 093] lgi        519  ns_enable=  1  
[2021/07/07 06:25:37 095] lgi        531  prot_ver=1  
[2021/07/07 06:25:37 096] lgi        542  prot_type=tcp  
[2021/07/07 06:25:37 102] lgi        693  SYS_MSG_UNLOAD  go bg!  
============================================================
Time  2021/07/07 06:25:40 287 
============================================================
[2021/07/07 06:25:40 288] lgi        684  SYS_MSG_LOAD  
[2021/07/07 06:25:40 300] lgi        706  SYS_MSG_REGCB  msp_status_cb  func(b5256790) 
[2021/07/07 06:25:40 310] lgi        298  LGI_MSG_INIT  
[2021/07/07 06:25:40 312] lgi        305  lgi  lgi_  268436457  1573468853  
[2021/07/07 06:25:40 315] lgi        403  token:  nil  
[2021/07/07 06:25:40 316] lgi        476  msc cver : 5.0.44.1288  
[2021/07/07 06:25:40 318] lgi        519  ns_enable=  1  
[2021/07/07 06:25:40 321] lgi        531  prot_ver=1  
[2021/07/07 06:25:40 325] lgi        542  prot_type=tcp  
[2021/07/07 06:25:40 331] lgi        693  SYS_MSG_UNLOAD  go bg!  
============================================================
Time  2021/07/07 06:25:41 693 
============================================================
[2021/07/07 06:25:41 694] lgi        684  SYS_MSG_LOAD  
[2021/07/07 06:25:41 703] lgi        706  SYS_MSG_REGCB  msp_status_cb  func(b5256790) 
[2021/07/07 06:25:41 710] lgi        298  LGI_MSG_INIT  
[2021/07/07 06:25:41 711] lgi        305  lgi  lgi_  268436457  1573468853  
[2021/07/07 06:25:41 714] lgi        403  token:  nil  
[2021/07/07 06:25:41 716] lgi        476  msc cver : 5.0.44.1288  
[2021/07/07 06:25:41 717] lgi        519  ns_enable=  1  
[2021/07/07 06:25:41 719] lgi        531  prot_ver=1  
[2021/07/07 06:25:41 720] lgi        542  prot_type=tcp  
[2021/07/07 06:25:41 726] lgi        693  SYS_MSG_UNLOAD  go bg!  
============================================================
Time  2021/07/07 06:25:43 959 
============================================================
[2021/07/07 06:25:43 960] lgi        684  SYS_MSG_LOAD  
[2021/07/07 06:25:43 970] lgi        706  SYS_MSG_REGCB  msp_status_cb  func(b5256790) 
[2021/07/07 06:25:43 979] lgi        298  LGI_MSG_INIT  
[2021/07/07 06:25:43 980] lgi        305  lgi  lgi_  268436457  1573468853  
[2021/07/07 06:25:43 983] lgi        403  token:  nil  
[2021/07/07 06:25:43 985] lgi        476  msc cver : 5.0.44.1288  
[2021/07/07 06:25:43 987] lgi        519  ns_enable=  1  
[2021/07/07 06:25:43 988] lgi        531  prot_ver=1  
[2021/07/07 06:25:43 991] lgi        542  prot_type=tcp  
[2021/07/07 06:25:43 997] lgi        693  SYS_MSG_UNLOAD  go bg!  
============================================================
Time  2021/07/07 06:25:50 112 
============================================================
[2021/07/07 06:25:50 113] lgi        684  SYS_MSG_LOAD  
[2021/07/07 06:25:50 126] lgi        706  SYS_MSG_REGCB  msp_status_cb  func(b5256790) 
[2021/07/07 06:25:50 134] lgi        298  LGI_MSG_INIT  
[2021/07/07 06:25:50 136] lgi        305  lgi  lgi_  268436457  1573468853  
[2021/07/07 06:25:50 140] lgi        403  token:  nil  
[2021/07/07 06:25:50 142] lgi        476  msc cver : 5.0.44.1288  
[2021/07/07 06:25:50 144] lgi        519  ns_enable=  1  
[2021/07/07 06:25:50 146] lgi        531  prot_ver=1  
[2021/07/07 06:25:50 148] lgi        542  prot_type=tcp  
[2021/07/07 06:25:50 155] lgi        693  SYS_MSG_UNLOAD  go bg!  
============================================================
Time  2021/07/07 06:25:55 065 
============================================================
[2021/07/07 06:25:55 065] lgi        684  SYS_MSG_LOAD  
[2021/07/07 06:25:55 075] lgi        706  SYS_MSG_REGCB  msp_status_cb  func(b5256790) 
[2021/07/07 06:25:55 081] lgi        298  LGI_MSG_INIT  
[2021/07/07 06:25:55 083] lgi        305  lgi  lgi_  268436457  1573468853  
[2021/07/07 06:25:55 086] lgi        403  token:  nil  
[2021/07/07 06:25:55 087] lgi        476  msc cver : 5.0.44.1288  
[2021/07/07 06:25:55 089] lgi        519  ns_enable=  1  
[2021/07/07 06:25:55 090] lgi        531  prot_ver=1  
[2021/07/07 06:25:55 092] lgi        542  prot_type=tcp  
[2021/07/07 06:25:55 098] lgi        693  SYS_MSG_UNLOAD  go bg!  
============================================================
Time  2021/07/07 06:25:56 592 
============================================================
[2021/07/07 06:25:56 593] lgi        684  SYS_MSG_LOAD  
[2021/07/07 06:25:56 601] lgi        706  SYS_MSG_REGCB  msp_status_cb  func(b5226290) 
[2021/07/07 06:25:56 609] lgi        298  LGI_MSG_INIT  
[2021/07/07 06:25:56 610] lgi        305  lgi  lgi_  268436457  1573468853  
[2021/07/07 06:25:56 613] lgi        403  token:  nil  
[2021/07/07 06:25:56 614] lgi        476  msc cver : 5.0.44.1288  
[2021/07/07 06:25:56 616] lgi        519  ns_enable=  1  
[2021/07/07 06:25:56 617] lgi        531  prot_ver=1  
[2021/07/07 06:25:56 618] lgi        542  prot_type=tcp  
[2021/07/07 06:25:56 626] lgi        693  SYS_MSG_UNLOAD  go bg!  
============================================================
Time  2021/07/07 06:28:04 209 
============================================================
[2021/07/07 06:28:04 210] lgi        684  SYS_MSG_LOAD  
[2021/07/07 06:28:04 231] lgi        706  SYS_MSG_REGCB  msp_status_cb  func(b5256790) 
[2021/07/07 06:28:04 246] lgi        298  LGI_MSG_INIT  
[2021/07/07 06:28:04 248] lgi        305  lgi  lgi_  268436457  1573468853  
[2021/07/07 06:28:04 254] lgi        403  token:  nil  
[2021/07/07 06:28:04 257] lgi        476  msc cver : 5.0.44.1288  
[2021/07/07 06:28:04 262] lgi        519  ns_enable=  1  
[2021/07/07 06:28:04 267] lgi        531  prot_ver=1  
[2021/07/07 06:28:04 269] lgi        542  prot_type=tcp  
[2021/07/07 06:28:04 283] lgi        693  SYS_MSG_UNLOAD  go bg!  
============================================================
Time  2021/07/07 06:28:11 068 
============================================================
[2021/07/07 06:28:11 072] lgi        684  SYS_MSG_LOAD  
[2021/07/07 06:28:11 089] lgi        706  SYS_MSG_REGCB  msp_status_cb  func(b5256790) 
[2021/07/07 06:28:11 105] lgi        298  LGI_MSG_INIT  
[2021/07/07 06:28:11 107] lgi        305  lgi  lgi_  268436457  1573468853  
[2021/07/07 06:28:11 117] lgi        403  token:  nil  
[2021/07/07 06:28:11 118] lgi        476  msc cver : 5.0.44.1288  
[2021/07/07 06:28:11 120] lgi        519  ns_enable=  1  
[2021/07/07 06:28:11 121] lgi        531  prot_ver=1  
[2021/07/07 06:28:11 123] lgi        542  prot_type=tcp  
[2021/07/07 06:28:11 139] lgi        693  SYS_MSG_UNLOAD  go bg!  
============================================================
Time  2021/07/07 06:28:57 825 
============================================================
[2021/07/07 06:28:57 832] lgi        684  SYS_MSG_LOAD  
[2021/07/07 06:28:57 847] lgi        706  SYS_MSG_REGCB  msp_status_cb  func(b5256790) 
[2021/07/07 06:28:57 861] lgi        298  LGI_MSG_INIT  
[2021/07/07 06:28:57 863] lgi        305  lgi  lgi_  268436457  1573468853  
[2021/07/07 06:28:57 873] lgi        403  token:  nil  
[2021/07/07 06:28:57 875] lgi        476  msc cver : 5.0.44.1288  
[2021/07/07 06:28:57 877] lgi        519  ns_enable=  1  
[2021/07/07 06:28:57 884] lgi        531  prot_ver=1  
[2021/07/07 06:28:57 886] lgi        542  prot_type=tcp  
[2021/07/07 06:28:57 902] lgi        693  SYS_MSG_UNLOAD  go bg!  
============================================================
Time  2021/07/07 06:30:02 518 
============================================================
[2021/07/07 06:30:02 519] lgi        684  SYS_MSG_LOAD  
[2021/07/07 06:30:02 536] lgi        706  SYS_MSG_REGCB  msp_status_cb  func(b5256790) 
[2021/07/07 06:30:02 555] lgi        298  LGI_MSG_INIT  
[2021/07/07 06:30:02 557] lgi        305  lgi  lgi_  268436457  1573468853  
[2021/07/07 06:30:02 565] lgi        403  token:  nil  
[2021/07/07 06:30:02 567] lgi        476  msc cver : 5.0.44.1288  
[2021/07/07 06:30:02 574] lgi        519  ns_enable=  1  
[2021/07/07 06:30:02 576] lgi        531  prot_ver=1  
[2021/07/07 06:30:02 581] lgi        542  prot_type=tcp  
[2021/07/07 06:30:02 597] lgi        693  SYS_MSG_UNLOAD  go bg!  
============================================================
Time  2021/07/07 06:30:09 550 
============================================================
[2021/07/07 06:30:09 552] lgi        684  SYS_MSG_LOAD  
[2021/07/07 06:30:09 572] lgi        706  SYS_MSG_REGCB  msp_status_cb  func(b5256790) 
[2021/07/07 06:30:09 583] lgi        298  LGI_MSG_INIT  
[2021/07/07 06:30:09 589] lgi        305  lgi  lgi_  268436457  1573468853  
[2021/07/07 06:30:09 597] lgi        403  token:  nil  
[2021/07/07 06:30:09 598] lgi        476  msc cver : 5.0.44.1288  
[2021/07/07 06:30:09 604] lgi        519  ns_enable=  1  
[2021/07/07 06:30:09 605] lgi        531  prot_ver=1  
[2021/07/07 06:30:09 607] lgi        542  prot_type=tcp  
[2021/07/07 06:30:09 628] lgi        693  SYS_MSG_UNLOAD  go bg!  
============================================================
Time  2021/07/07 06:30:44 114 
============================================================
[2021/07/07 06:30:44 115] lgi        684  SYS_MSG_LOAD  
[2021/07/07 06:30:44 136] lgi        706  SYS_MSG_REGCB  msp_status_cb  func(b5256790) 
[2021/07/07 06:30:44 152] lgi        298  LGI_MSG_INIT  
[2021/07/07 06:30:44 153] lgi        305  lgi  lgi_  268436457  1573468853  
[2021/07/07 06:30:44 160] lgi        403  token:  nil  
[2021/07/07 06:30:44 162] lgi        476  msc cver : 5.0.44.1288  
[2021/07/07 06:30:44 164] lgi        519  ns_enable=  1  
[2021/07/07 06:30:44 169] lgi        531  prot_ver=1  
[2021/07/07 06:30:44 170] lgi        542  prot_type=tcp  
[2021/07/07 06:30:44 183] lgi        693  SYS_MSG_UNLOAD  go bg!  
============================================================
Time  2021/07/07 06:30:51 437 
============================================================
[2021/07/07 06:30:51 438] lgi        684  SYS_MSG_LOAD  
[2021/07/07 06:30:51 456] lgi        706  SYS_MSG_REGCB  msp_status_cb  func(b5256790) 
[2021/07/07 06:30:51 473] lgi        298  LGI_MSG_INIT  
[2021/07/07 06:30:51 474] lgi        305  lgi  lgi_  268436457  1573468853  
[2021/07/07 06:30:51 480] lgi        403  token:  nil  
[2021/07/07 06:30:51 487] lgi        476  msc cver : 5.0.44.1288  
[2021/07/07 06:30:51 488] lgi        519  ns_enable=  1  
[2021/07/07 06:30:51 490] lgi        531  prot_ver=1  
[2021/07/07 06:30:51 493] lgi        542  prot_type=tcp  
[2021/07/07 06:30:51 510] lgi        693  SYS_MSG_UNLOAD  go bg!  
============================================================
Time  2021/07/07 06:30:54 266 
============================================================
[2021/07/07 06:30:54 267] lgi        684  SYS_MSG_LOAD  
[2021/07/07 06:30:54 284] lgi        706  SYS_MSG_REGCB  msp_status_cb  func(b5256790) 
[2021/07/07 06:30:54 299] lgi        298  LGI_MSG_INIT  
[2021/07/07 06:30:54 305] lgi        305  lgi  lgi_  268436457  1573468853  
[2021/07/07 06:30:54 308] lgi        403  token:  nil  
[2021/07/07 06:30:54 313] lgi        476  msc cver : 5.0.44.1288  
[2021/07/07 06:30:54 315] lgi        519  ns_enable=  1  
[2021/07/07 06:30:54 321] lgi        531  prot_ver=1  
[2021/07/07 06:30:54 322] lgi        542  prot_type=tcp  
[2021/07/07 06:30:54 332] lgi        693  SYS_MSG_UNLOAD  go bg!  
============================================================
Time  2021/07/07 06:31:02 392 
============================================================
[2021/07/07 06:31:02 393] lgi        684  SYS_MSG_LOAD  
[2021/07/07 06:31:02 409] lgi        706  SYS_MSG_REGCB  msp_status_cb  func(b5256790) 
[2021/07/07 06:31:02 428] lgi        298  LGI_MSG_INIT  
[2021/07/07 06:31:02 430] lgi        305  lgi  lgi_  268436457  1573468853  
[2021/07/07 06:31:02 432] lgi        403  token:  nil  
[2021/07/07 06:31:02 437] lgi        476  msc cver : 5.0.44.1288  
[2021/07/07 06:31:02 439] lgi        519  ns_enable=  1  
[2021/07/07 06:31:02 441] lgi        531  prot_ver=1  
[2021/07/07 06:31:02 446] lgi        542  prot_type=tcp  
[2021/07/07 06:31:02 457] lgi        693  SYS_MSG_UNLOAD  go bg!  
============================================================
Time  2021/07/07 06:31:10 345 
============================================================
[2021/07/07 06:31:10 346] lgi        684  SYS_MSG_LOAD  
[2021/07/07 06:31:10 370] lgi        706  SYS_MSG_REGCB  msp_status_cb  func(b53262e0) 
[2021/07/07 06:31:10 389] lgi        298  LGI_MSG_INIT  
[2021/07/07 06:31:10 390] lgi        305  lgi  lgi_  268436457  1573468853  
[2021/07/07 06:31:10 394] lgi        403  token:  nil  
[2021/07/07 06:31:10 397] lgi        476  msc cver : 5.0.44.1288  
[2021/07/07 06:31:10 401] lgi        519  ns_enable=  1  
[2021/07/07 06:31:10 402] lgi        531  prot_ver=1  
[2021/07/07 06:31:10 405] lgi        542  prot_type=tcp  
[2021/07/07 06:31:10 425] lgi        693  SYS_MSG_UNLOAD  go bg!  
============================================================
Time  2021/07/07 06:31:25 816 
============================================================
[2021/07/07 06:31:25 820] lgi        684  SYS_MSG_LOAD  
[2021/07/07 06:31:25 837] lgi        706  SYS_MSG_REGCB  msp_status_cb  func(b52567a0) 
[2021/07/07 06:31:25 850] lgi        298  LGI_MSG_INIT  
[2021/07/07 06:31:25 853] lgi        305  lgi  lgi_  268436457  1573468853  
[2021/07/07 06:31:25 865] lgi        403  token:  nil  
[2021/07/07 06:31:25 869] lgi        476  msc cver : 5.0.44.1288  
[2021/07/07 06:31:25 874] lgi        519  ns_enable=  1  
[2021/07/07 06:31:25 877] lgi        531  prot_ver=1  
[2021/07/07 06:31:25 884] lgi        542  prot_type=tcp  
[2021/07/07 06:31:25 898] lgi        693  SYS_MSG_UNLOAD  go bg!  
============================================================
Time  2021/07/07 06:32:17 383 
============================================================
[2021/07/07 06:32:17 384] lgi        684  SYS_MSG_LOAD  
[2021/07/07 06:32:17 405] lgi        706  SYS_MSG_REGCB  msp_status_cb  func(b5256790) 
[2021/07/07 06:32:17 421] lgi        298  LGI_MSG_INIT  
[2021/07/07 06:32:17 422] lgi        305  lgi  lgi_  268436457  1573468853  
[2021/07/07 06:32:17 427] lgi        403  token:  nil  
[2021/07/07 06:32:17 433] lgi        476  msc cver : 5.0.44.1288  
[2021/07/07 06:32:17 435] lgi        519  ns_enable=  1  
[2021/07/07 06:32:17 441] lgi        531  prot_ver=1  
[2021/07/07 06:32:17 442] lgi        542  prot_type=tcp  
[2021/07/07 06:32:17 460] lgi        693  SYS_MSG_UNLOAD  go bg!  
============================================================
Time  2021/07/07 06:32:42 044 
============================================================
[2021/07/07 06:32:42 045] lgi        684  SYS_MSG_LOAD  
[2021/07/07 06:32:42 063] lgi        706  SYS_MSG_REGCB  msp_status_cb  func(b5256790) 
[2021/07/07 06:32:42 077] lgi        298  LGI_MSG_INIT  
[2021/07/07 06:32:42 080] lgi        305  lgi  lgi_  268436457  1573468853  
[2021/07/07 06:32:42 090] lgi        403  token:  nil  
[2021/07/07 06:32:42 091] lgi        476  msc cver : 5.0.44.1288  
[2021/07/07 06:32:42 092] lgi        519  ns_enable=  1  
[2021/07/07 06:32:42 094] lgi        531  prot_ver=1  
[2021/07/07 06:32:42 096] lgi        542  prot_type=tcp  
[2021/07/07 06:32:42 109] lgi        693  SYS_MSG_UNLOAD  go bg!  
============================================================
Time  2021/07/07 06:36:07 021 
============================================================
[2021/07/07 06:36:07 022] lgi        684  SYS_MSG_LOAD  
[2021/07/07 06:36:07 041] lgi        706  SYS_MSG_REGCB  msp_status_cb  func(b5256790) 
[2021/07/07 06:36:07 059] lgi        298  LGI_MSG_INIT  
[2021/07/07 06:36:07 060] lgi        305  lgi  lgi_  268436457  1573468853  
[2021/07/07 06:36:07 069] lgi        403  token:  nil  
[2021/07/07 06:36:07 070] lgi        476  msc cver : 5.0.44.1288  
[2021/07/07 06:36:07 072] lgi        519  ns_enable=  1  
[2021/07/07 06:36:07 073] lgi        531  prot_ver=1  
[2021/07/07 06:36:07 077] lgi        542  prot_type=tcp  
[2021/07/07 06:36:07 095] lgi        693  SYS_MSG_UNLOAD  go bg!  
============================================================
Time  2021/07/07 06:40:31 271 
============================================================
[2021/07/07 06:40:31 272] lgi        684  SYS_MSG_LOAD  
[2021/07/07 06:40:31 286] lgi        706  SYS_MSG_REGCB  msp_status_cb  func(b5356790) 
[2021/07/07 06:40:31 295] lgi        298  LGI_MSG_INIT  
[2021/07/07 06:40:31 296] lgi        305  lgi  lgi_  268436457  1573468853  
[2021/07/07 06:40:31 301] lgi        403  token:  nil  
[2021/07/07 06:40:31 304] lgi        476  msc cver : 5.0.44.1288  
[2021/07/07 06:40:31 306] lgi        519  ns_enable=  1  
[2021/07/07 06:40:31 308] lgi        531  prot_ver=1  
[2021/07/07 06:40:31 310] lgi        542  prot_type=tcp  
[2021/07/07 06:40:31 317] lgi        693  SYS_MSG_UNLOAD  go bg!  
============================================================
Time  2021/07/07 06:43:52 229 
============================================================
[2021/07/07 06:43:52 230] lgi        684  SYS_MSG_LOAD  
[2021/07/07 06:43:52 241] lgi        706  SYS_MSG_REGCB  msp_status_cb  func(b5356790) 
[2021/07/07 06:43:52 247] lgi        298  LGI_MSG_INIT  
[2021/07/07 06:43:52 249] lgi        305  lgi  lgi_  268436457  1573468853  
[2021/07/07 06:43:52 252] lgi        403  token:  nil  
[2021/07/07 06:43:52 253] lgi        476  msc cver : 5.0.44.1288  
[2021/07/07 06:43:52 255] lgi        519  ns_enable=  1  
[2021/07/07 06:43:52 256] lgi        531  prot_ver=1  
[2021/07/07 06:43:52 257] lgi        542  prot_type=tcp  
[2021/07/07 06:43:52 264] lgi        693  SYS_MSG_UNLOAD  go bg!  
============================================================
Time  2021/07/07 06:47:46 042 
============================================================
[2021/07/07 06:47:46 043] lgi        684  SYS_MSG_LOAD  
[2021/07/07 06:47:46 056] lgi        706  SYS_MSG_REGCB  msp_status_cb  func(b5356790) 
[2021/07/07 06:47:46 064] lgi        298  LGI_MSG_INIT  
[2021/07/07 06:47:46 066] lgi        305  lgi  lgi_  268436457  1573468853  
[2021/07/07 06:47:46 071] lgi        403  token:  nil  
[2021/07/07 06:47:46 074] lgi        476  msc cver : 5.0.44.1288  
[2021/07/07 06:47:46 076] lgi        519  ns_enable=  1  
[2021/07/07 06:47:46 077] lgi        531  prot_ver=1  
[2021/07/07 06:47:46 079] lgi        542  prot_type=tcp  
[2021/07/07 06:47:46 086] lgi        693  SYS_MSG_UNLOAD  go bg!  
============================================================
Time  2021/07/07 06:48:42 714 
============================================================
[2021/07/07 06:48:42 714] lgi        684  SYS_MSG_LOAD  
[2021/07/07 06:48:42 726] lgi        706  SYS_MSG_REGCB  msp_status_cb  func(b5356790) 
[2021/07/07 06:48:42 736] lgi        298  LGI_MSG_INIT  
[2021/07/07 06:48:42 738] lgi        305  lgi  lgi_  268436457  1573468853  
[2021/07/07 06:48:42 743] lgi        403  token:  nil  
[2021/07/07 06:48:42 744] lgi        476  msc cver : 5.0.44.1288  
[2021/07/07 06:48:42 746] lgi        519  ns_enable=  1  
[2021/07/07 06:48:42 748] lgi        531  prot_ver=1  
[2021/07/07 06:48:42 750] lgi        542  prot_type=tcp  
[2021/07/07 06:48:42 758] lgi        693  SYS_MSG_UNLOAD  go bg!  
============================================================
Time  2021/07/07 06:50:58 850 
============================================================
[2021/07/07 06:50:58 851] lgi        684  SYS_MSG_LOAD  
[2021/07/07 06:50:58 860] lgi        706  SYS_MSG_REGCB  msp_status_cb  func(b5356790) 
[2021/07/07 06:50:58 867] lgi        298  LGI_MSG_INIT  
[2021/07/07 06:50:58 869] lgi        305  lgi  lgi_  268436457  1573468853  
[2021/07/07 06:50:58 872] lgi        403  token:  nil  
[2021/07/07 06:50:58 873] lgi        476  msc cver : 5.0.44.1288  
[2021/07/07 06:50:58 874] lgi        519  ns_enable=  1  
[2021/07/07 06:50:58 876] lgi        531  prot_ver=1  
[2021/07/07 06:50:58 877] lgi        542  prot_type=tcp  
[2021/07/07 06:50:58 883] lgi        693  SYS_MSG_UNLOAD  go bg!  
============================================================
Time  2021/07/07 06:59:38 481 
============================================================
[2021/07/07 06:59:38 482] lgi        684  SYS_MSG_LOAD  
[2021/07/07 06:59:38 491] lgi        706  SYS_MSG_REGCB  msp_status_cb  func(b52568f0) 
[2021/07/07 06:59:38 497] lgi        298  LGI_MSG_INIT  
[2021/07/07 06:59:38 499] lgi        305  lgi  lgi_  268436457  1573468853  
[2021/07/07 06:59:38 502] lgi        403  token:  nil  
[2021/07/07 06:59:38 503] lgi        476  msc cver : 5.0.44.1288  
[2021/07/07 06:59:38 506] lgi        519  ns_enable=  1  
[2021/07/07 06:59:38 507] lgi        531  prot_ver=1  
[2021/07/07 06:59:38 508] lgi        542  prot_type=tcp  
[2021/07/07 06:59:38 514] lgi        693  SYS_MSG_UNLOAD  go bg!  
============================================================
Time  2021/07/07 07:01:39 277 
============================================================
[2021/07/07 07:01:39 278] lgi        684  SYS_MSG_LOAD  
[2021/07/07 07:01:39 287] lgi        706  SYS_MSG_REGCB  msp_status_cb  func(b5256790) 
[2021/07/07 07:01:39 294] lgi        298  LGI_MSG_INIT  
[2021/07/07 07:01:39 295] lgi        305  lgi  lgi_  268436457  1573468853  
[2021/07/07 07:01:39 299] lgi        403  token:  nil  
[2021/07/07 07:01:39 300] lgi        476  msc cver : 5.0.44.1288  
[2021/07/07 07:01:39 301] lgi        519  ns_enable=  1  
[2021/07/07 07:01:39 303] lgi        531  prot_ver=1  
[2021/07/07 07:01:39 304] lgi        542  prot_type=tcp  
[2021/07/07 07:01:39 309] lgi        693  SYS_MSG_UNLOAD  go bg!  
============================================================
Time  2021/07/07 07:01:55 187 
============================================================
[2021/07/07 07:01:55 188] lgi        684  SYS_MSG_LOAD  
[2021/07/07 07:01:55 198] lgi        706  SYS_MSG_REGCB  msp_status_cb  func(b5256790) 
[2021/07/07 07:01:55 205] lgi        298  LGI_MSG_INIT  
[2021/07/07 07:01:55 207] lgi        305  lgi  lgi_  268436457  1573468853  
[2021/07/07 07:01:55 209] lgi        403  token:  nil  
[2021/07/07 07:01:55 211] lgi        476  msc cver : 5.0.44.1288  
[2021/07/07 07:01:55 212] lgi        519  ns_enable=  1  
[2021/07/07 07:01:55 214] lgi        531  prot_ver=1  
[2021/07/07 07:01:55 216] lgi        542  prot_type=tcp  
[2021/07/07 07:01:55 221] lgi        693  SYS_MSG_UNLOAD  go bg!  
============================================================
Time  2021/07/07 07:04:26 283 
============================================================
[2021/07/07 07:04:26 284] lgi        684  SYS_MSG_LOAD  
[2021/07/07 07:04:26 294] lgi        706  SYS_MSG_REGCB  msp_status_cb  func(b5356790) 
[2021/07/07 07:04:26 302] lgi        298  LGI_MSG_INIT  
[2021/07/07 07:04:26 303] lgi        305  lgi  lgi_  268436457  1573468853  
[2021/07/07 07:04:26 306] lgi        403  token:  nil  
[2021/07/07 07:04:26 308] lgi        476  msc cver : 5.0.44.1288  
[2021/07/07 07:04:26 309] lgi        519  ns_enable=  1  
[2021/07/07 07:04:26 310] lgi        531  prot_ver=1  
[2021/07/07 07:04:26 312] lgi        542  prot_type=tcp  
[2021/07/07 07:04:26 318] lgi        693  SYS_MSG_UNLOAD  go bg!  
============================================================
Time  2021/07/07 07:48:49 555 
============================================================
[2021/07/07 07:48:49 556] lgi        684  SYS_MSG_LOAD  
[2021/07/07 07:48:49 565] lgi        706  SYS_MSG_REGCB  msp_status_cb  func(b52567a0) 
[2021/07/07 07:48:49 573] lgi        298  LGI_MSG_INIT  
[2021/07/07 07:48:49 575] lgi        305  lgi  lgi_  268436457  1573468853  
[2021/07/07 07:48:49 578] lgi        403  token:  nil  
[2021/07/07 07:48:49 579] lgi        476  msc cver : 5.0.44.1288  
[2021/07/07 07:48:49 581] lgi        519  ns_enable=  1  
[2021/07/07 07:48:49 583] lgi        531  prot_ver=1  
[2021/07/07 07:48:49 585] lgi        542  prot_type=tcp  
[2021/07/07 07:48:49 594] lgi        693  SYS_MSG_UNLOAD  go bg!  
============================================================
Time  2021/07/07 07:49:14 132 
============================================================
[2021/07/07 07:49:14 133] lgi        684  SYS_MSG_LOAD  
[2021/07/07 07:49:14 142] lgi        706  SYS_MSG_REGCB  msp_status_cb  func(b5356790) 
[2021/07/07 07:49:14 150] lgi        298  LGI_MSG_INIT  
[2021/07/07 07:49:14 152] lgi        305  lgi  lgi_  268436457  1573468853  
[2021/07/07 07:49:14 155] lgi        403  token:  nil  
[2021/07/07 07:49:14 157] lgi        476  msc cver : 5.0.44.1288  
[2021/07/07 07:49:14 158] lgi        519  ns_enable=  1  
[2021/07/07 07:49:14 160] lgi        531  prot_ver=1  
[2021/07/07 07:49:14 162] lgi        542  prot_type=tcp  
[2021/07/07 07:49:14 167] lgi        693  SYS_MSG_UNLOAD  go bg!  
============================================================
Time  2021/07/07 07:50:26 505 
============================================================
[2021/07/07 07:50:26 505] lgi        684  SYS_MSG_LOAD  
[2021/07/07 07:50:26 516] lgi        706  SYS_MSG_REGCB  msp_status_cb  func(b5256790) 
[2021/07/07 07:50:26 523] lgi        298  LGI_MSG_INIT  
[2021/07/07 07:50:26 524] lgi        305  lgi  lgi_  268436457  1573468853  
[2021/07/07 07:50:26 528] lgi        403  token:  nil  
[2021/07/07 07:50:26 529] lgi        476  msc cver : 5.0.44.1288  
[2021/07/07 07:50:26 531] lgi        519  ns_enable=  1  
[2021/07/07 07:50:26 533] lgi        531  prot_ver=1  
[2021/07/07 07:50:26 534] lgi        542  prot_type=tcp  
[2021/07/07 07:50:26 540] lgi        693  SYS_MSG_UNLOAD  go bg!  
============================================================
Time  2021/07/07 07:54:40 598 
============================================================
[2021/07/07 07:54:40 599] lgi        684  SYS_MSG_LOAD  
[2021/07/07 07:54:40 609] lgi        706  SYS_MSG_REGCB  msp_status_cb  func(b53261c8) 
[2021/07/07 07:54:40 614] lgi        298  LGI_MSG_INIT  
[2021/07/07 07:54:40 618] lgi        305  lgi  lgi_  268436457  1573468853  
[2021/07/07 07:54:40 621] lgi        403  token:  nil  
[2021/07/07 07:54:40 622] lgi        476  msc cver : 5.0.44.1288  
[2021/07/07 07:54:40 624] lgi        519  ns_enable=  1  
[2021/07/07 07:54:40 625] lgi        531  prot_ver=1  
[2021/07/07 07:54:40 627] lgi        542  prot_type=tcp  
[2021/07/07 07:54:40 633] lgi        693  SYS_MSG_UNLOAD  go bg!  
============================================================
Time  2021/07/07 08:00:16 833 
============================================================
[2021/07/07 08:00:16 834] lgi        684  SYS_MSG_LOAD  
[2021/07/07 08:00:16 846] lgi        706  SYS_MSG_REGCB  msp_status_cb  func(b5256790) 
[2021/07/07 08:00:16 854] lgi        298  LGI_MSG_INIT  
[2021/07/07 08:00:16 855] lgi        305  lgi  lgi_  268436457  1573468853  
[2021/07/07 08:00:16 859] lgi        403  token:  nil  
[2021/07/07 08:00:16 860] lgi        476  msc cver : 5.0.44.1288  
[2021/07/07 08:00:16 862] lgi        519  ns_enable=  1  
[2021/07/07 08:00:16 863] lgi        531  prot_ver=1  
[2021/07/07 08:00:16 865] lgi        542  prot_type=tcp  
[2021/07/07 08:00:16 873] lgi        693  SYS_MSG_UNLOAD  go bg!  
============================================================
Time  2021/07/07 08:01:49 330 
============================================================
[2021/07/07 08:01:49 331] lgi        684  SYS_MSG_LOAD  
[2021/07/07 08:01:49 341] lgi        706  SYS_MSG_REGCB  msp_status_cb  func(b5256790) 
[2021/07/07 08:01:49 347] lgi        298  LGI_MSG_INIT  
[2021/07/07 08:01:49 349] lgi        305  lgi  lgi_  268436457  1573468853  
[2021/07/07 08:01:49 352] lgi        403  token:  nil  
[2021/07/07 08:01:49 354] lgi        476  msc cver : 5.0.44.1288  
[2021/07/07 08:01:49 356] lgi        519  ns_enable=  1  
[2021/07/07 08:01:49 357] lgi        531  prot_ver=1  
[2021/07/07 08:01:49 359] lgi        542  prot_type=tcp  
[2021/07/07 08:01:49 366] lgi        693  SYS_MSG_UNLOAD  go bg!  
============================================================
Time  2021/07/07 08:02:00 497 
============================================================
[2021/07/07 08:02:00 499] lgi        684  SYS_MSG_LOAD  
[2021/07/07 08:02:00 512] lgi        706  SYS_MSG_REGCB  msp_status_cb  func(b5256790) 
[2021/07/07 08:02:00 520] lgi        298  LGI_MSG_INIT  
[2021/07/07 08:02:00 521] lgi        305  lgi  lgi_  268436457  1573468853  
[2021/07/07 08:02:00 525] lgi        403  token:  nil  
[2021/07/07 08:02:00 526] lgi        476  msc cver : 5.0.44.1288  
[2021/07/07 08:02:00 528] lgi        519  ns_enable=  1  
[2021/07/07 08:02:00 529] lgi        531  prot_ver=1  
[2021/07/07 08:02:00 531] lgi        542  prot_type=tcp  
[2021/07/07 08:02:00 538] lgi        693  SYS_MSG_UNLOAD  go bg!  
============================================================
Time  2021/07/07 08:06:06 862 
============================================================
[2021/07/07 08:06:06 863] lgi        684  SYS_MSG_LOAD  
[2021/07/07 08:06:06 873] lgi        706  SYS_MSG_REGCB  msp_status_cb  func(b5256790) 
[2021/07/07 08:06:06 879] lgi        298  LGI_MSG_INIT  
[2021/07/07 08:06:06 881] lgi        305  lgi  lgi_  268436457  1573468853  
[2021/07/07 08:06:06 883] lgi        403  token:  nil  
[2021/07/07 08:06:06 885] lgi        476  msc cver : 5.0.44.1288  
[2021/07/07 08:06:06 887] lgi        519  ns_enable=  1  
[2021/07/07 08:06:06 888] lgi        531  prot_ver=1  
[2021/07/07 08:06:06 890] lgi        542  prot_type=tcp  
[2021/07/07 08:06:06 895] lgi        693  SYS_MSG_UNLOAD  go bg!  
============================================================
Time  2021/07/07 08:10:03 588 
============================================================
[2021/07/07 08:10:03 590] lgi        684  SYS_MSG_LOAD  
[2021/07/07 08:10:03 605] lgi        706  SYS_MSG_REGCB  msp_status_cb  func(b5256790) 
[2021/07/07 08:10:03 617] lgi        298  LGI_MSG_INIT  
[2021/07/07 08:10:03 619] lgi        305  lgi  lgi_  268436457  1573468853  
[2021/07/07 08:10:03 625] lgi        403  token:  nil  
[2021/07/07 08:10:03 627] lgi        476  msc cver : 5.0.44.1288  
[2021/07/07 08:10:03 629] lgi        519  ns_enable=  1  
[2021/07/07 08:10:03 632] lgi        531  prot_ver=1  
[2021/07/07 08:10:03 634] lgi        542  prot_type=tcp  
[2021/07/07 08:10:03 645] lgi        693  SYS_MSG_UNLOAD  go bg!  
============================================================
Time  2021/07/07 18:28:00 138 
============================================================
[2021/07/07 18:28:00 139] lgi        684  SYS_MSG_LOAD  
[2021/07/07 18:28:00 150] lgi        706  SYS_MSG_REGCB  msp_status_cb  func(b5256790) 
[2021/07/07 18:28:00 157] lgi        298  LGI_MSG_INIT  
[2021/07/07 18:28:00 159] lgi        305  lgi  lgi_  268436457  1573468853  
[2021/07/07 18:28:00 165] lgi        403  token:  nil  
[2021/07/07 18:28:00 167] lgi        476  msc cver : 5.0.44.1288  
[2021/07/07 18:28:00 170] lgi        519  ns_enable=  1  
[2021/07/07 18:28:00 172] lgi        531  prot_ver=1  
[2021/07/07 18:28:00 174] lgi        542  prot_type=tcp  
[2021/07/07 18:28:00 184] lgi        693  SYS_MSG_UNLOAD  go bg!  
