============================================================
Time  2021/07/07 06:25:41 848 
============================================================
[2021/07/07 06:25:41 857] isr_local  2211 os_type is:  Linux  
[2021/07/07 06:25:41 859] isr_local  2220 SYS_MSG_LOAD_LOCAL  
[2021/07/07 06:25:41 863] isr_local  2249 SYS_MSG_REGCB_LOCAL| param0 =  msp_status_cb  
[2021/07/07 06:25:41 870] isr_local  2249 SYS_MSG_REGCB_LOCAL| param0 =  build_grm_cb  
[2021/07/07 06:25:41 874] isr_local  2262 ASR_LOCAL_MSG_BUILD_GRM  
[2021/07/07 06:25:41 875] isr_local  1903 grm_init | params:  engine_type = local, 		asr_res_path = fo|res/asr/common.jet, sample_rate = 16000, 		grm_build_path = res/asr/GrmBuilld,   
[2021/07/07 06:25:41 877] isr_local  805  engine_type  :  local  
[2021/07/07 06:25:41 878] isr_local  805  asr_res_path  :  fo|res/asr/common.jet  
[2021/07/07 06:25:41 880] isr_local  805  sample_rate  :  16000  
[2021/07/07 06:25:41 881] isr_local  805  grm_build_path  :  res/asr/GrmBuilld  
[2021/07/07 06:25:41 890] isr_local  1002 file count =   1  
[2021/07/07 06:25:41 894] isr_local  925  file open type is:   fo  
[2021/07/07 06:25:41 896] isr_local  958  res/asr/common.jet  0  0  
[2021/07/07 06:25:41 897] isr_local  1020 speech_plus_setting  0  
[2021/07/07 06:25:41 899] isr_local  1033 2  nil  res/asr/common.jet  0  0  
[2021/07/07 06:25:41 906] isr_local  1035 res_ver  2  
[2021/07/07 06:25:41 908] isr_local  1036 res 5  6b08cf1b68c811383d0a0ebad4f2c267  
[2021/07/07 06:25:41 909] isr_local  1037 res_new_old_mark  v5pp  
[2021/07/07 06:25:41 911] isr_local  1038 res_usr_name  ""  
[2021/07/07 06:25:41 912] isr_local  1039 res_expires  1632640897  
[2021/07/07 06:25:41 914] isr_local  1040 err  0  
[2021/07/07 06:25:41 916] isr_local  1071 now expires:  1625664341  1632640897  
[2021/07/07 06:25:41 943] isr_local  1644 proc_retcode_grm | errorcode =  0  
[2021/07/07 06:25:41 996] isr_local  2022 grammar id:cmd  
[2021/07/07 06:25:41 998] isr_local  1636 onGrmLocalServiceCb  0  cmd  
