============================================================
Time  2021/07/08 19:22:55 019 
============================================================
[2021/07/08 19:22:55 020] isr_local  2211 os_type is:  Linux  
[2021/07/08 19:22:55 023] isr_local  2220 SYS_MSG_LOAD_LOCAL  
[2021/07/08 19:22:55 027] isr_local  2249 SYS_MSG_REGCB_LOCAL| param0 =  msp_status_cb  
[2021/07/08 19:22:55 033] isr_local  2249 SYS_MSG_REGCB_LOCAL| param0 =  build_grm_cb  
[2021/07/08 19:22:55 037] isr_local  2262 ASR_LOCAL_MSG_BUILD_GRM  
[2021/07/08 19:22:55 038] isr_local  1903 grm_init | params:  engine_type = local, 		asr_res_path = fo|res/asr/common.jet, sample_rate = 16000, 		grm_build_path = res/asr/GrmBuilld,   
[2021/07/08 19:22:55 042] isr_local  805  engine_type  :  local  
[2021/07/08 19:22:55 044] isr_local  805  asr_res_path  :  fo|res/asr/common.jet  
[2021/07/08 19:22:55 045] isr_local  805  sample_rate  :  16000  
[2021/07/08 19:22:55 046] isr_local  805  grm_build_path  :  res/asr/GrmBuilld  
[2021/07/08 19:22:55 054] isr_local  1002 file count =   1  
[2021/07/08 19:22:55 056] isr_local  925  file open type is:   fo  
[2021/07/08 19:22:55 058] isr_local  958  res/asr/common.jet  0  0  
[2021/07/08 19:22:55 059] isr_local  1020 speech_plus_setting  0  
[2021/07/08 19:22:55 060] isr_local  1033 2  nil  res/asr/common.jet  0  0  
[2021/07/08 19:22:55 065] isr_local  1035 res_ver  2  
[2021/07/08 19:22:55 066] isr_local  1036 res 5  6b08cf1b68c811383d0a0ebad4f2c267  
[2021/07/08 19:22:55 068] isr_local  1037 res_new_old_mark  v5pp  
[2021/07/08 19:22:55 069] isr_local  1038 res_usr_name  ""  
[2021/07/08 19:22:55 070] isr_local  1039 res_expires  1632640897  
[2021/07/08 19:22:55 071] isr_local  1040 err  0  
[2021/07/08 19:22:55 073] isr_local  1071 now expires:  1625797375  1632640897  
[2021/07/08 19:22:55 094] isr_local  1644 proc_retcode_grm | errorcode =  0  
[2021/07/08 19:22:55 147] isr_local  2022 grammar id:cmd  
[2021/07/08 19:22:55 150] isr_local  1636 onGrmLocalServiceCb  0  cmd  
