============================================================
Time  2021/07/07 04:15:11 673 
============================================================
[2021/07/07 04:15:11 675] isr_local  2211 os_type is:  Linux  
[2021/07/07 04:15:11 678] isr_local  2220 SYS_MSG_LOAD_LOCAL  
[2021/07/07 04:15:11 682] isr_local  2249 SYS_MSG_REGCB_LOCAL| param0 =  msp_status_cb  
[2021/07/07 04:15:11 689] isr_local  2249 SYS_MSG_REGCB_LOCAL| param0 =  update_lex_cb  
[2021/07/07 04:15:11 694] isr_local  2275 ASR_LOCAL_MSG_UPDATE_LEX  
[2021/07/07 04:15:11 695] isr_local  1903 grm_init | params:  engine_type = local, text_encoding = UTF-8, 		asr_res_path = fo|res/asr/common.jet, sample_rate = 16000, 		grm_build_path = res/asr/GrmBuilld, grammar_list = cmd,   
[2021/07/07 04:15:11 697] isr_local  805  engine_type  :  local  
[2021/07/07 04:15:11 698] isr_local  805  text_encoding  :  UTF-8  
[2021/07/07 04:15:11 699] isr_local  805  asr_res_path  :  fo|res/asr/common.jet  
[2021/07/07 04:15:11 701] isr_local  805  sample_rate  :  16000  
[2021/07/07 04:15:11 703] isr_local  805  grm_build_path  :  res/asr/GrmBuilld  
[2021/07/07 04:15:11 705] isr_local  805  grammar_list  :  cmd  
[2021/07/07 04:15:11 709] isr_local  1002 file count =   1  
[2021/07/07 04:15:11 711] isr_local  925  file open type is:   fo  
[2021/07/07 04:15:11 713] isr_local  958  res/asr/common.jet  0  0  
[2021/07/07 04:15:11 714] isr_local  1020 speech_plus_setting  0  
[2021/07/07 04:15:11 715] isr_local  1033 2  nil  res/asr/common.jet  0  0  
[2021/07/07 04:15:11 720] isr_local  1035 res_ver  2  
[2021/07/07 04:15:11 721] isr_local  1036 res 5  6b08cf1b68c811383d0a0ebad4f2c267  
[2021/07/07 04:15:11 722] isr_local  1037 res_new_old_mark  v5pp  
[2021/07/07 04:15:11 724] isr_local  1038 res_usr_name  ""  
[2021/07/07 04:15:11 725] isr_local  1039 res_expires  1632640897  
[2021/07/07 04:15:11 727] isr_local  1040 err  0  
[2021/07/07 04:15:11 728] isr_local  1071 now expires:  1625656511  1632640897  
[2021/07/07 04:15:11 742] isr_local  2284 update dict  
[2021/07/07 04:15:11 746] isr_local  1760 contact  cmd  
[2021/07/07 04:15:11 775] isr_local  1811 grm_list grm name:   cmd  
[2021/07/07 04:15:11 778] isr_local  1644 proc_retcode_grm | errorcode =  0  
[2021/07/07 04:15:11 806] isr_local  2022 grammar id:cmd  
[2021/07/07 04:15:11 808] isr_local  1636 onGrmLocalServiceCb  0  cmd  
