============================================================
Time  2021/07/06 18:28:48 063 
============================================================
[2021/07/06 18:28:48 064] isr_local  2211 os_type is:  Linux  
[2021/07/06 18:28:48 065] isr_local  2220 SYS_MSG_LOAD_LOCAL  
[2021/07/06 18:28:48 067] isr_local  2249 SYS_MSG_REGCB_LOCAL| param0 =  msp_status_cb  
[2021/07/06 18:28:48 071] isr_local  2249 SYS_MSG_REGCB_LOCAL| param0 =  update_lex_cb  
[2021/07/06 18:28:48 074] isr_local  2275 ASR_LOCAL_MSG_UPDATE_LEX  
[2021/07/06 18:28:48 075] isr_local  1903 grm_init | params:  engine_type = local, text_encoding = UTF-8, 		asr_res_path = fo|res/asr/common.jet, sample_rate = 16000, 		grm_build_path = res/asr/GrmBuilld, grammar_list = cmd,   
[2021/07/06 18:28:48 076] isr_local  805  engine_type  :  local  
[2021/07/06 18:28:48 077] isr_local  805  text_encoding  :  UTF-8  
[2021/07/06 18:28:48 078] isr_local  805  asr_res_path  :  fo|res/asr/common.jet  
[2021/07/06 18:28:48 078] isr_local  805  sample_rate  :  16000  
[2021/07/06 18:28:48 079] isr_local  805  grm_build_path  :  res/asr/GrmBuilld  
[2021/07/06 18:28:48 080] isr_local  805  grammar_list  :  cmd  
[2021/07/06 18:28:48 084] isr_local  1002 file count =   1  
[2021/07/06 18:28:48 085] isr_local  925  file open type is:   fo  
[2021/07/06 18:28:48 085] isr_local  958  res/asr/common.jet  0  0  
[2021/07/06 18:28:48 086] isr_local  1020 speech_plus_setting  0  
[2021/07/06 18:28:48 087] isr_local  1033 2  nil  res/asr/common.jet  0  0  
[2021/07/06 18:28:48 090] isr_local  1035 res_ver  2  
[2021/07/06 18:28:48 091] isr_local  1036 res 5  6b08cf1b68c811383d0a0ebad4f2c267  
[2021/07/06 18:28:48 091] isr_local  1037 res_new_old_mark  v5pp  
[2021/07/06 18:28:48 092] isr_local  1038 res_usr_name  ""  
[2021/07/06 18:28:48 093] isr_local  1039 res_expires  1632640897  
[2021/07/06 18:28:48 094] isr_local  1040 err  0  
[2021/07/06 18:28:48 095] isr_local  1071 now expires:  1625621328  1632640897  
[2021/07/06 18:28:48 104] isr_local  2284 update dict  
[2021/07/06 18:28:48 107] isr_local  1760 contact  cmd  
[2021/07/06 18:28:48 124] isr_local  1811 grm_list grm name:   cmd  
[2021/07/06 18:28:48 126] isr_local  1644 proc_retcode_grm | errorcode =  0  
[2021/07/06 18:28:48 145] isr_local  2022 grammar id:cmd  
[2021/07/06 18:28:48 146] isr_local  1636 onGrmLocalServiceCb  0  cmd  
