============================================================
Time  2021/07/08 19:05:43 588 
============================================================
[2021/07/08 19:05:43 590] isr_local  2211 os_type is:  Linux  
[2021/07/08 19:05:43 592] isr_local  2220 SYS_MSG_LOAD_LOCAL  
[2021/07/08 19:05:43 595] isr_local  2249 SYS_MSG_REGCB_LOCAL| param0 =  msp_status_cb  
[2021/07/08 19:05:43 601] isr_local  2249 SYS_MSG_REGCB_LOCAL| param0 =  build_grm_cb  
[2021/07/08 19:05:43 606] isr_local  2262 ASR_LOCAL_MSG_BUILD_GRM  
[2021/07/08 19:05:43 607] isr_local  1903 grm_init | params:  engine_type = local, 		asr_res_path = fo|res/asr/common.jet, sample_rate = 16000, 		grm_build_path = res/asr/GrmBuilld,   
[2021/07/08 19:05:43 617] isr_local  805  engine_type  :  local  
[2021/07/08 19:05:43 619] isr_local  805  asr_res_path  :  fo|res/asr/common.jet  
[2021/07/08 19:05:43 621] isr_local  805  sample_rate  :  16000  
[2021/07/08 19:05:43 623] isr_local  805  grm_build_path  :  res/asr/GrmBuilld  
[2021/07/08 19:05:43 632] isr_local  1002 file count =   1  
[2021/07/08 19:05:43 635] isr_local  925  file open type is:   fo  
[2021/07/08 19:05:43 638] isr_local  958  res/asr/common.jet  0  0  
[2021/07/08 19:05:43 640] isr_local  1020 speech_plus_setting  0  
[2021/07/08 19:05:43 641] isr_local  1033 2  nil  res/asr/common.jet  0  0  
[2021/07/08 19:05:43 648] isr_local  1035 res_ver  2  
[2021/07/08 19:05:43 650] isr_local  1036 res 5  6b08cf1b68c811383d0a0ebad4f2c267  
[2021/07/08 19:05:43 651] isr_local  1037 res_new_old_mark  v5pp  
[2021/07/08 19:05:43 654] isr_local  1038 res_usr_name  ""  
[2021/07/08 19:05:43 655] isr_local  1039 res_expires  1632640897  
[2021/07/08 19:05:43 657] isr_local  1040 err  0  
[2021/07/08 19:05:43 658] isr_local  1071 now expires:  1625796343  1632640897  
[2021/07/08 19:05:43 683] isr_local  1644 proc_retcode_grm | errorcode =  0  
[2021/07/08 19:05:43 746] isr_local  2022 grammar id:cmd  
[2021/07/08 19:05:43 750] isr_local  1636 onGrmLocalServiceCb  0  cmd  
