============================================================
Time  2021/07/06 18:29:44 171 
============================================================
[2021/07/06 18:29:44 204] isr_local  2211 os_type is:  Linux  
[2021/07/06 18:29:44 206] isr_local  2220 SYS_MSG_LOAD_LOCAL  
[2021/07/06 18:29:44 209] isr_local  2249 SYS_MSG_REGCB_LOCAL| param0 =  msp_status_cb  
[2021/07/06 18:29:44 213] isr_local  2249 SYS_MSG_REGCB_LOCAL| param0 =  update_lex_cb  
[2021/07/06 18:29:44 216] isr_local  2275 ASR_LOCAL_MSG_UPDATE_LEX  
[2021/07/06 18:29:44 217] isr_local  1903 grm_init | params:  engine_type = local, text_encoding = UTF-8, 		asr_res_path = fo|res/asr/common.jet, sample_rate = 16000, 		grm_build_path = res/asr/GrmBuilld, grammar_list = cmd,   
[2021/07/06 18:29:44 218] isr_local  805  engine_type  :  local  
[2021/07/06 18:29:44 219] isr_local  805  text_encoding  :  UTF-8  
[2021/07/06 18:29:44 220] isr_local  805  asr_res_path  :  fo|res/asr/common.jet  
[2021/07/06 18:29:44 221] isr_local  805  sample_rate  :  16000  
[2021/07/06 18:29:44 222] isr_local  805  grm_build_path  :  res/asr/GrmBuilld  
[2021/07/06 18:29:44 223] isr_local  805  grammar_list  :  cmd  
[2021/07/06 18:29:44 226] isr_local  1002 file count =   1  
[2021/07/06 18:29:44 227] isr_local  925  file open type is:   fo  
[2021/07/06 18:29:44 228] isr_local  958  res/asr/common.jet  0  0  
[2021/07/06 18:29:44 229] isr_local  1020 speech_plus_setting  0  
[2021/07/06 18:29:44 230] isr_local  1033 2  nil  res/asr/common.jet  0  0  
[2021/07/06 18:29:44 233] isr_local  1035 res_ver  2  
[2021/07/06 18:29:44 234] isr_local  1036 res 5  6b08cf1b68c811383d0a0ebad4f2c267  
[2021/07/06 18:29:44 235] isr_local  1037 res_new_old_mark  v5pp  
[2021/07/06 18:29:44 236] isr_local  1038 res_usr_name  ""  
[2021/07/06 18:29:44 237] isr_local  1039 res_expires  1632640897  
[2021/07/06 18:29:44 238] isr_local  1040 err  0  
[2021/07/06 18:29:44 239] isr_local  1071 now expires:  1625621384  1632640897  
[2021/07/06 18:29:44 248] isr_local  2284 update dict  
[2021/07/06 18:29:44 251] isr_local  1760 contact  cmd  
[2021/07/06 18:29:44 271] isr_local  1811 grm_list grm name:   cmd  
[2021/07/06 18:29:44 273] isr_local  1644 proc_retcode_grm | errorcode =  0  
[2021/07/06 18:29:44 295] isr_local  2022 grammar id:cmd  
[2021/07/06 18:29:44 297] isr_local  1636 onGrmLocalServiceCb  0  cmd  
