============================================================
Time  2021/07/07 01:57:02 379 
============================================================
[2021/07/07 01:57:02 381] isr_local  2211 os_type is:  Linux  
[2021/07/07 01:57:02 383] isr_local  2220 SYS_MSG_LOAD_LOCAL  
[2021/07/07 01:57:02 387] isr_local  2249 SYS_MSG_REGCB_LOCAL| param0 =  msp_status_cb  
[2021/07/07 01:57:02 396] isr_local  2249 SYS_MSG_REGCB_LOCAL| param0 =  build_grm_cb  
[2021/07/07 01:57:02 402] isr_local  2262 ASR_LOCAL_MSG_BUILD_GRM  
[2021/07/07 01:57:02 403] isr_local  1903 grm_init | params:  engine_type = local, 		asr_res_path = fo|res/asr/common.jet, sample_rate = 16000, 		grm_build_path = res/asr/GrmBuilld,   
[2021/07/07 01:57:02 407] isr_local  805  engine_type  :  local  
[2021/07/07 01:57:02 411] isr_local  805  asr_res_path  :  fo|res/asr/common.jet  
[2021/07/07 01:57:02 412] isr_local  805  sample_rate  :  16000  
[2021/07/07 01:57:02 414] isr_local  805  grm_build_path  :  res/asr/GrmBuilld  
[2021/07/07 01:57:02 423] isr_local  1002 file count =   1  
[2021/07/07 01:57:02 427] isr_local  925  file open type is:   fo  
[2021/07/07 01:57:02 428] isr_local  958  res/asr/common.jet  0  0  
[2021/07/07 01:57:02 430] isr_local  1020 speech_plus_setting  0  
[2021/07/07 01:57:02 432] isr_local  1033 2  nil  res/asr/common.jet  0  0  
[2021/07/07 01:57:02 438] isr_local  1035 res_ver  2  
[2021/07/07 01:57:02 440] isr_local  1036 res 5  6b08cf1b68c811383d0a0ebad4f2c267  
[2021/07/07 01:57:02 442] isr_local  1037 res_new_old_mark  v5pp  
[2021/07/07 01:57:02 443] isr_local  1038 res_usr_name  ""  
[2021/07/07 01:57:02 445] isr_local  1039 res_expires  1632640897  
[2021/07/07 01:57:02 447] isr_local  1040 err  0  
[2021/07/07 01:57:02 449] isr_local  1071 now expires:  1625648222  1632640897  
[2021/07/07 01:57:02 484] isr_local  1644 proc_retcode_grm | errorcode =  0  
[2021/07/07 01:57:02 576] isr_local  2022 grammar id:cmd  
[2021/07/07 01:57:02 583] isr_local  1636 onGrmLocalServiceCb  0  cmd  
