============================================================
Time  2021/07/08 18:41:56 050 
============================================================
[2021/07/08 18:41:56 051] isr_local  2211 os_type is:  Linux  
[2021/07/08 18:41:56 054] isr_local  2220 SYS_MSG_LOAD_LOCAL  
[2021/07/08 18:41:56 057] isr_local  2249 SYS_MSG_REGCB_LOCAL| param0 =  msp_status_cb  
[2021/07/08 18:41:56 065] isr_local  2249 SYS_MSG_REGCB_LOCAL| param0 =  build_grm_cb  
[2021/07/08 18:41:56 070] isr_local  2262 ASR_LOCAL_MSG_BUILD_GRM  
[2021/07/08 18:41:56 071] isr_local  1903 grm_init | params:  engine_type = local, 		asr_res_path = fo|res/asr/common.jet, sample_rate = 16000, 		grm_build_path = res/asr/GrmBuilld,   
[2021/07/08 18:41:56 073] isr_local  805  engine_type  :  local  
[2021/07/08 18:41:56 074] isr_local  805  asr_res_path  :  fo|res/asr/common.jet  
[2021/07/08 18:41:56 075] isr_local  805  sample_rate  :  16000  
[2021/07/08 18:41:56 077] isr_local  805  grm_build_path  :  res/asr/GrmBuilld  
[2021/07/08 18:41:56 084] isr_local  1002 file count =   1  
[2021/07/08 18:41:56 086] isr_local  925  file open type is:   fo  
[2021/07/08 18:41:56 088] isr_local  958  res/asr/common.jet  0  0  
[2021/07/08 18:41:56 089] isr_local  1020 speech_plus_setting  0  
[2021/07/08 18:41:56 090] isr_local  1033 2  nil  res/asr/common.jet  0  0  
[2021/07/08 18:41:56 095] isr_local  1035 res_ver  2  
[2021/07/08 18:41:56 096] isr_local  1036 res 5  6b08cf1b68c811383d0a0ebad4f2c267  
[2021/07/08 18:41:56 098] isr_local  1037 res_new_old_mark  v5pp  
[2021/07/08 18:41:56 099] isr_local  1038 res_usr_name  ""  
[2021/07/08 18:41:56 100] isr_local  1039 res_expires  1632640897  
[2021/07/08 18:41:56 102] isr_local  1040 err  0  
[2021/07/08 18:41:56 103] isr_local  1071 now expires:  1625794916  1632640897  
[2021/07/08 18:41:56 124] isr_local  1644 proc_retcode_grm | errorcode =  0  
[2021/07/08 18:41:56 176] isr_local  2022 grammar id:cmd  
[2021/07/08 18:41:56 179] isr_local  1636 onGrmLocalServiceCb  0  cmd  
