============================================================
Time  2021/07/08 19:15:49 262 
============================================================
[2021/07/08 19:15:49 263] isr_local  2211 os_type is:  Linux  
[2021/07/08 19:15:49 265] isr_local  2220 SYS_MSG_LOAD_LOCAL  
[2021/07/08 19:15:49 269] isr_local  2249 SYS_MSG_REGCB_LOCAL| param0 =  msp_status_cb  
[2021/07/08 19:15:49 276] isr_local  2249 SYS_MSG_REGCB_LOCAL| param0 =  build_grm_cb  
[2021/07/08 19:15:49 280] isr_local  2262 ASR_LOCAL_MSG_BUILD_GRM  
[2021/07/08 19:15:49 281] isr_local  1903 grm_init | params:  engine_type = local, 		asr_res_path = fo|res/asr/common.jet, sample_rate = 16000, 		grm_build_path = res/asr/GrmBuilld,   
[2021/07/08 19:15:49 290] isr_local  805  engine_type  :  local  
[2021/07/08 19:15:49 292] isr_local  805  asr_res_path  :  fo|res/asr/common.jet  
[2021/07/08 19:15:49 294] isr_local  805  sample_rate  :  16000  
[2021/07/08 19:15:49 295] isr_local  805  grm_build_path  :  res/asr/GrmBuilld  
[2021/07/08 19:15:49 305] isr_local  1002 file count =   1  
[2021/07/08 19:15:49 308] isr_local  925  file open type is:   fo  
[2021/07/08 19:15:49 310] isr_local  958  res/asr/common.jet  0  0  
[2021/07/08 19:15:49 311] isr_local  1020 speech_plus_setting  0  
[2021/07/08 19:15:49 313] isr_local  1033 2  nil  res/asr/common.jet  0  0  
[2021/07/08 19:15:49 322] isr_local  1035 res_ver  2  
[2021/07/08 19:15:49 323] isr_local  1036 res 5  6b08cf1b68c811383d0a0ebad4f2c267  
[2021/07/08 19:15:49 325] isr_local  1037 res_new_old_mark  v5pp  
[2021/07/08 19:15:49 326] isr_local  1038 res_usr_name  ""  
[2021/07/08 19:15:49 328] isr_local  1039 res_expires  1632640897  
[2021/07/08 19:15:49 330] isr_local  1040 err  0  
[2021/07/08 19:15:49 331] isr_local  1071 now expires:  1625796949  1632640897  
[2021/07/08 19:15:49 352] isr_local  1644 proc_retcode_grm | errorcode =  0  
[2021/07/08 19:15:49 405] isr_local  2022 grammar id:cmd  
[2021/07/08 19:15:49 408] isr_local  1636 onGrmLocalServiceCb  0  cmd  
