============================================================
Time  2021/07/07 06:32:17 715 
============================================================
[2021/07/07 06:32:17 718] isr_local  2211 os_type is:  Linux  
[2021/07/07 06:32:17 725] isr_local  2220 SYS_MSG_LOAD_LOCAL  
[2021/07/07 06:32:17 732] isr_local  2249 SYS_MSG_REGCB_LOCAL| param0 =  msp_status_cb  
[2021/07/07 06:32:17 747] isr_local  2249 SYS_MSG_REGCB_LOCAL| param0 =  build_grm_cb  
[2021/07/07 06:32:17 758] isr_local  2262 ASR_LOCAL_MSG_BUILD_GRM  
[2021/07/07 06:32:17 759] isr_local  1903 grm_init | params:  engine_type = local, 		asr_res_path = fo|res/asr/common.jet, sample_rate = 16000, 		grm_build_path = res/asr/GrmBuilld,   
[2021/07/07 06:32:17 777] isr_local  805  engine_type  :  local  
[2021/07/07 06:32:17 779] isr_local  805  asr_res_path  :  fo|res/asr/common.jet  
[2021/07/07 06:32:17 785] isr_local  805  sample_rate  :  16000  
[2021/07/07 06:32:17 786] isr_local  805  grm_build_path  :  res/asr/GrmBuilld  
[2021/07/07 06:32:17 803] isr_local  1002 file count =   1  
[2021/07/07 06:32:17 805] isr_local  925  file open type is:   fo  
[2021/07/07 06:32:17 813] isr_local  958  res/asr/common.jet  0  0  
[2021/07/07 06:32:17 814] isr_local  1020 speech_plus_setting  0  
[2021/07/07 06:32:17 815] isr_local  1033 2  nil  res/asr/common.jet  0  0  
[2021/07/07 06:32:17 826] isr_local  1035 res_ver  2  
[2021/07/07 06:32:17 829] isr_local  1036 res 5  6b08cf1b68c811383d0a0ebad4f2c267  
[2021/07/07 06:32:17 834] isr_local  1037 res_new_old_mark  v5pp  
[2021/07/07 06:32:17 841] isr_local  1038 res_usr_name  ""  
[2021/07/07 06:32:17 848] isr_local  1039 res_expires  1632640897  
[2021/07/07 06:32:17 851] isr_local  1040 err  0  
[2021/07/07 06:32:17 857] isr_local  1071 now expires:  1625664737  1632640897  
[2021/07/07 06:32:17 925] isr_local  1644 proc_retcode_grm | errorcode =  0  
[2021/07/07 06:32:18 041] isr_local  2022 grammar id:cmd  
[2021/07/07 06:32:18 046] isr_local  1636 onGrmLocalServiceCb  0  cmd  
