============================================================
Time  2021/07/08 18:18:08 365 
============================================================
[2021/07/08 18:18:08 367] isr_local  2211 os_type is:  Linux  
[2021/07/08 18:18:08 369] isr_local  2220 SYS_MSG_LOAD_LOCAL  
[2021/07/08 18:18:08 373] isr_local  2249 SYS_MSG_REGCB_LOCAL| param0 =  msp_status_cb  
[2021/07/08 18:18:08 380] isr_local  2249 SYS_MSG_REGCB_LOCAL| param0 =  build_grm_cb  
[2021/07/08 18:18:08 385] isr_local  2262 ASR_LOCAL_MSG_BUILD_GRM  
[2021/07/08 18:18:08 386] isr_local  1903 grm_init | params:  engine_type = local, 		asr_res_path = fo|res/asr/common.jet, sample_rate = 16000, 		grm_build_path = res/asr/GrmBuilld,   
[2021/07/08 18:18:08 390] isr_local  805  engine_type  :  local  
[2021/07/08 18:18:08 392] isr_local  805  asr_res_path  :  fo|res/asr/common.jet  
[2021/07/08 18:18:08 393] isr_local  805  sample_rate  :  16000  
[2021/07/08 18:18:08 394] isr_local  805  grm_build_path  :  res/asr/GrmBuilld  
[2021/07/08 18:18:08 402] isr_local  1002 file count =   1  
[2021/07/08 18:18:08 405] isr_local  925  file open type is:   fo  
[2021/07/08 18:18:08 407] isr_local  958  res/asr/common.jet  0  0  
[2021/07/08 18:18:08 408] isr_local  1020 speech_plus_setting  0  
[2021/07/08 18:18:08 409] isr_local  1033 2  nil  res/asr/common.jet  0  0  
[2021/07/08 18:18:08 414] isr_local  1035 res_ver  2  
[2021/07/08 18:18:08 416] isr_local  1036 res 5  6b08cf1b68c811383d0a0ebad4f2c267  
[2021/07/08 18:18:08 417] isr_local  1037 res_new_old_mark  v5pp  
[2021/07/08 18:18:08 419] isr_local  1038 res_usr_name  ""  
[2021/07/08 18:18:08 420] isr_local  1039 res_expires  1632640897  
[2021/07/08 18:18:08 422] isr_local  1040 err  0  
[2021/07/08 18:18:08 423] isr_local  1071 now expires:  1625793488  1632640897  
[2021/07/08 18:18:08 446] isr_local  1644 proc_retcode_grm | errorcode =  0  
[2021/07/08 18:18:08 502] isr_local  2022 grammar id:cmd  
[2021/07/08 18:18:08 505] isr_local  1636 onGrmLocalServiceCb  0  cmd  
