============================================================
Time  2021/07/08 19:22:13 392 
============================================================
[2021/07/08 19:22:13 393] isr_local  2211 os_type is:  Linux  
[2021/07/08 19:22:13 396] isr_local  2220 SYS_MSG_LOAD_LOCAL  
[2021/07/08 19:22:13 399] isr_local  2249 SYS_MSG_REGCB_LOCAL| param0 =  msp_status_cb  
[2021/07/08 19:22:13 406] isr_local  2249 SYS_MSG_REGCB_LOCAL| param0 =  build_grm_cb  
[2021/07/08 19:22:13 410] isr_local  2262 ASR_LOCAL_MSG_BUILD_GRM  
[2021/07/08 19:22:13 412] isr_local  1903 grm_init | params:  engine_type = local, 		asr_res_path = fo|res/asr/common.jet, sample_rate = 16000, 		grm_build_path = res/asr/GrmBuilld,   
[2021/07/08 19:22:13 449] isr_local  805  engine_type  :  local  
[2021/07/08 19:22:13 451] isr_local  805  asr_res_path  :  fo|res/asr/common.jet  
[2021/07/08 19:22:13 453] isr_local  805  sample_rate  :  16000  
[2021/07/08 19:22:13 454] isr_local  805  grm_build_path  :  res/asr/GrmBuilld  
[2021/07/08 19:22:13 464] isr_local  1002 file count =   1  
[2021/07/08 19:22:13 467] isr_local  925  file open type is:   fo  
[2021/07/08 19:22:13 469] isr_local  958  res/asr/common.jet  0  0  
[2021/07/08 19:22:13 470] isr_local  1020 speech_plus_setting  0  
[2021/07/08 19:22:13 472] isr_local  1033 2  nil  res/asr/common.jet  0  0  
[2021/07/08 19:22:13 477] isr_local  1035 res_ver  2  
[2021/07/08 19:22:13 479] isr_local  1036 res 5  6b08cf1b68c811383d0a0ebad4f2c267  
[2021/07/08 19:22:13 480] isr_local  1037 res_new_old_mark  v5pp  
[2021/07/08 19:22:13 482] isr_local  1038 res_usr_name  ""  
[2021/07/08 19:22:13 484] isr_local  1039 res_expires  1632640897  
[2021/07/08 19:22:13 486] isr_local  1040 err  0  
[2021/07/08 19:22:13 488] isr_local  1071 now expires:  1625797333  1632640897  
[2021/07/08 19:22:13 511] isr_local  1644 proc_retcode_grm | errorcode =  0  
[2021/07/08 19:22:13 565] isr_local  2022 grammar id:cmd  
[2021/07/08 19:22:13 567] isr_local  1636 onGrmLocalServiceCb  0  cmd  
