============================================================
Time  2021/07/07 06:59:38 623 
============================================================
[2021/07/07 06:59:38 625] isr_local  2211 os_type is:  Linux  
[2021/07/07 06:59:38 627] isr_local  2220 SYS_MSG_LOAD_LOCAL  
[2021/07/07 06:59:38 630] isr_local  2249 SYS_MSG_REGCB_LOCAL| param0 =  msp_status_cb  
[2021/07/07 06:59:38 636] isr_local  2249 SYS_MSG_REGCB_LOCAL| param0 =  build_grm_cb  
[2021/07/07 06:59:38 640] isr_local  2262 ASR_LOCAL_MSG_BUILD_GRM  
[2021/07/07 06:59:38 641] isr_local  1903 grm_init | params:  engine_type = local, 		asr_res_path = fo|res/asr/common.jet, sample_rate = 16000, 		grm_build_path = res/asr/GrmBuilld,   
[2021/07/07 06:59:38 677] isr_local  805  engine_type  :  local  
[2021/07/07 06:59:38 679] isr_local  805  asr_res_path  :  fo|res/asr/common.jet  
[2021/07/07 06:59:38 681] isr_local  805  sample_rate  :  16000  
[2021/07/07 06:59:38 683] isr_local  805  grm_build_path  :  res/asr/GrmBuilld  
[2021/07/07 06:59:38 691] isr_local  1002 file count =   1  
[2021/07/07 06:59:38 694] isr_local  925  file open type is:   fo  
[2021/07/07 06:59:38 695] isr_local  958  res/asr/common.jet  0  0  
[2021/07/07 06:59:38 697] isr_local  1020 speech_plus_setting  0  
[2021/07/07 06:59:38 698] isr_local  1033 2  nil  res/asr/common.jet  0  0  
[2021/07/07 06:59:38 703] isr_local  1035 res_ver  2  
[2021/07/07 06:59:38 705] isr_local  1036 res 5  6b08cf1b68c811383d0a0ebad4f2c267  
[2021/07/07 06:59:38 706] isr_local  1037 res_new_old_mark  v5pp  
[2021/07/07 06:59:38 707] isr_local  1038 res_usr_name  ""  
[2021/07/07 06:59:38 709] isr_local  1039 res_expires  1632640897  
[2021/07/07 06:59:38 710] isr_local  1040 err  0  
[2021/07/07 06:59:38 711] isr_local  1071 now expires:  1625666378  1632640897  
[2021/07/07 06:59:38 730] isr_local  1644 proc_retcode_grm | errorcode =  0  
[2021/07/07 06:59:38 781] isr_local  2022 grammar id:cmd  
[2021/07/07 06:59:38 784] isr_local  1636 onGrmLocalServiceCb  0  cmd  
