============================================================
Time  2021/07/07 04:23:26 788 
============================================================
[2021/07/07 04:23:26 790] isr_local  2211 os_type is:  Linux  
[2021/07/07 04:23:26 792] isr_local  2220 SYS_MSG_LOAD_LOCAL  
[2021/07/07 04:23:26 797] isr_local  2249 SYS_MSG_REGCB_LOCAL| param0 =  msp_status_cb  
[2021/07/07 04:23:26 804] isr_local  2249 SYS_MSG_REGCB_LOCAL| param0 =  update_lex_cb  
[2021/07/07 04:23:26 809] isr_local  2275 ASR_LOCAL_MSG_UPDATE_LEX  
[2021/07/07 04:23:26 810] isr_local  1903 grm_init | params:  engine_type = local, text_encoding = UTF-8, 		asr_res_path = fo|res/asr/common.jet, sample_rate = 16000, 		grm_build_path = res/asr/GrmBuilld, grammar_list = cmd,   
[2021/07/07 04:23:26 818] isr_local  805  engine_type  :  local  
[2021/07/07 04:23:26 819] isr_local  805  text_encoding  :  UTF-8  
[2021/07/07 04:23:26 821] isr_local  805  asr_res_path  :  fo|res/asr/common.jet  
[2021/07/07 04:23:26 823] isr_local  805  sample_rate  :  16000  
[2021/07/07 04:23:26 824] isr_local  805  grm_build_path  :  res/asr/GrmBuilld  
[2021/07/07 04:23:26 826] isr_local  805  grammar_list  :  cmd  
[2021/07/07 04:23:26 831] isr_local  1002 file count =   1  
[2021/07/07 04:23:26 833] isr_local  925  file open type is:   fo  
[2021/07/07 04:23:26 834] isr_local  958  res/asr/common.jet  0  0  
[2021/07/07 04:23:26 836] isr_local  1020 speech_plus_setting  0  
[2021/07/07 04:23:26 837] isr_local  1033 2  nil  res/asr/common.jet  0  0  
[2021/07/07 04:23:26 842] isr_local  1035 res_ver  2  
[2021/07/07 04:23:26 843] isr_local  1036 res 5  6b08cf1b68c811383d0a0ebad4f2c267  
[2021/07/07 04:23:26 844] isr_local  1037 res_new_old_mark  v5pp  
[2021/07/07 04:23:26 845] isr_local  1038 res_usr_name  ""  
[2021/07/07 04:23:26 847] isr_local  1039 res_expires  1632640897  
[2021/07/07 04:23:26 848] isr_local  1040 err  0  
[2021/07/07 04:23:26 849] isr_local  1071 now expires:  1625657006  1632640897  
[2021/07/07 04:23:26 866] isr_local  2284 update dict  
[2021/07/07 04:23:26 873] isr_local  1760 contact  cmd  
[2021/07/07 04:23:26 904] isr_local  1811 grm_list grm name:   cmd  
[2021/07/07 04:23:26 907] isr_local  1644 proc_retcode_grm | errorcode =  0  
[2021/07/07 04:23:26 946] isr_local  2022 grammar id:cmd  
[2021/07/07 04:23:26 950] isr_local  1636 onGrmLocalServiceCb  0  cmd  
