============================================================
Time  2021/07/08 19:22:46 960 
============================================================
[2021/07/08 19:22:46 962] isr_local  2211 os_type is:  Linux  
[2021/07/08 19:22:46 964] isr_local  2220 SYS_MSG_LOAD_LOCAL  
[2021/07/08 19:22:46 968] isr_local  2249 SYS_MSG_REGCB_LOCAL| param0 =  msp_status_cb  
[2021/07/08 19:22:46 974] isr_local  2249 SYS_MSG_REGCB_LOCAL| param0 =  build_grm_cb  
[2021/07/08 19:22:46 978] isr_local  2262 ASR_LOCAL_MSG_BUILD_GRM  
[2021/07/08 19:22:46 981] isr_local  1903 grm_init | params:  engine_type = local, 		asr_res_path = fo|res/asr/common.jet, sample_rate = 16000, 		grm_build_path = res/asr/GrmBuilld,   
[2021/07/08 19:22:46 991] isr_local  805  engine_type  :  local  
[2021/07/08 19:22:46 993] isr_local  805  asr_res_path  :  fo|res/asr/common.jet  
[2021/07/08 19:22:46 994] isr_local  805  sample_rate  :  16000  
[2021/07/08 19:22:46 996] isr_local  805  grm_build_path  :  res/asr/GrmBuilld  
[2021/07/08 19:22:47 005] isr_local  1002 file count =   1  
[2021/07/08 19:22:47 008] isr_local  925  file open type is:   fo  
[2021/07/08 19:22:47 010] isr_local  958  res/asr/common.jet  0  0  
[2021/07/08 19:22:47 011] isr_local  1020 speech_plus_setting  0  
[2021/07/08 19:22:47 013] isr_local  1033 2  nil  res/asr/common.jet  0  0  
[2021/07/08 19:22:47 020] isr_local  1035 res_ver  2  
[2021/07/08 19:22:47 022] isr_local  1036 res 5  6b08cf1b68c811383d0a0ebad4f2c267  
[2021/07/08 19:22:47 024] isr_local  1037 res_new_old_mark  v5pp  
[2021/07/08 19:22:47 026] isr_local  1038 res_usr_name  ""  
[2021/07/08 19:22:47 027] isr_local  1039 res_expires  1632640897  
[2021/07/08 19:22:47 029] isr_local  1040 err  0  
[2021/07/08 19:22:47 031] isr_local  1071 now expires:  1625797367  1632640897  
[2021/07/08 19:22:47 056] isr_local  1644 proc_retcode_grm | errorcode =  0  
[2021/07/08 19:22:47 110] isr_local  2022 grammar id:cmd  
[2021/07/08 19:22:47 113] isr_local  1636 onGrmLocalServiceCb  0  cmd  
