============================================================
Time  2021/07/07 06:24:59 346 
============================================================
[2021/07/07 06:24:59 347] isr_local  2211 os_type is:  Linux  
[2021/07/07 06:24:59 349] isr_local  2220 SYS_MSG_LOAD_LOCAL  
[2021/07/07 06:24:59 353] isr_local  2249 SYS_MSG_REGCB_LOCAL| param0 =  msp_status_cb  
[2021/07/07 06:24:59 360] isr_local  2249 SYS_MSG_REGCB_LOCAL| param0 =  update_lex_cb  
[2021/07/07 06:24:59 365] isr_local  2275 ASR_LOCAL_MSG_UPDATE_LEX  
[2021/07/07 06:24:59 366] isr_local  1903 grm_init | params:  engine_type = local, text_encoding = UTF-8, 		asr_res_path = fo|res/asr/common.jet, sample_rate = 16000, 		grm_build_path = res/asr/GrmBuilld, grammar_list = cmd,   
[2021/07/07 06:24:59 370] isr_local  805  engine_type  :  local  
[2021/07/07 06:24:59 373] isr_local  805  text_encoding  :  UTF-8  
[2021/07/07 06:24:59 375] isr_local  805  asr_res_path  :  fo|res/asr/common.jet  
[2021/07/07 06:24:59 377] isr_local  805  sample_rate  :  16000  
[2021/07/07 06:24:59 380] isr_local  805  grm_build_path  :  res/asr/GrmBuilld  
[2021/07/07 06:24:59 381] isr_local  805  grammar_list  :  cmd  
[2021/07/07 06:24:59 388] isr_local  1002 file count =   1  
[2021/07/07 06:24:59 390] isr_local  925  file open type is:   fo  
[2021/07/07 06:24:59 392] isr_local  958  res/asr/common.jet  0  0  
[2021/07/07 06:24:59 393] isr_local  1020 speech_plus_setting  0  
[2021/07/07 06:24:59 395] isr_local  1033 2  nil  res/asr/common.jet  0  0  
[2021/07/07 06:24:59 401] isr_local  1035 res_ver  2  
[2021/07/07 06:24:59 403] isr_local  1036 res 5  6b08cf1b68c811383d0a0ebad4f2c267  
[2021/07/07 06:24:59 405] isr_local  1037 res_new_old_mark  v5pp  
[2021/07/07 06:24:59 406] isr_local  1038 res_usr_name  ""  
[2021/07/07 06:24:59 408] isr_local  1039 res_expires  1632640897  
[2021/07/07 06:24:59 410] isr_local  1040 err  0  
[2021/07/07 06:24:59 412] isr_local  1071 now expires:  1625664299  1632640897  
[2021/07/07 06:24:59 428] isr_local  2284 update dict  
[2021/07/07 06:24:59 433] isr_local  1760 contact  cmd  
[2021/07/07 06:24:59 460] isr_local  1811 grm_list grm name:   cmd  
[2021/07/07 06:24:59 463] isr_local  1644 proc_retcode_grm | errorcode =  0  
[2021/07/07 06:24:59 493] isr_local  2022 grammar id:cmd  
[2021/07/07 06:24:59 495] isr_local  1636 onGrmLocalServiceCb  0  cmd  
