============================================================
Time  2021/07/06 18:22:17 584 
============================================================
[2021/07/06 18:22:17 585] isr_local  2211 os_type is:  Linux  
[2021/07/06 18:22:17 591] isr_local  2220 SYS_MSG_LOAD_LOCAL  
[2021/07/06 18:22:17 593] isr_local  2249 SYS_MSG_REGCB_LOCAL| param0 =  msp_status_cb  
[2021/07/06 18:22:17 603] isr_local  2249 SYS_MSG_REGCB_LOCAL| param0 =  build_grm_cb  
[2021/07/06 18:22:17 608] isr_local  2262 ASR_LOCAL_MSG_BUILD_GRM  
[2021/07/06 18:22:17 609] isr_local  1903 grm_init | params:  engine_type = local, 		asr_res_path = fo|res/asr/common.jet, sample_rate = 16000, 		grm_build_path = res/asr/GrmBuilld,   
[2021/07/06 18:22:17 615] isr_local  805  engine_type  :  local  
[2021/07/06 18:22:17 616] isr_local  805  asr_res_path  :  fo|res/asr/common.jet  
[2021/07/06 18:22:17 618] isr_local  805  sample_rate  :  16000  
[2021/07/06 18:22:17 623] isr_local  805  grm_build_path  :  res/asr/GrmBuilld  
[2021/07/06 18:22:17 627] isr_local  1002 file count =   1  
[2021/07/06 18:22:17 636] isr_local  925  file open type is:   fo  
[2021/07/06 18:22:17 637] isr_local  958  res/asr/common.jet  0  0  
[2021/07/06 18:22:17 638] isr_local  1020 speech_plus_setting  0  
[2021/07/06 18:22:17 639] isr_local  1033 2  nil  res/asr/common.jet  0  0  
[2021/07/06 18:22:17 642] isr_local  1035 res_ver  2  
[2021/07/06 18:22:17 647] isr_local  1036 res 5  6b08cf1b68c811383d0a0ebad4f2c267  
[2021/07/06 18:22:17 648] isr_local  1037 res_new_old_mark  v5pp  
[2021/07/06 18:22:17 649] isr_local  1038 res_usr_name  ""  
[2021/07/06 18:22:17 650] isr_local  1039 res_expires  1632640897  
[2021/07/06 18:22:17 655] isr_local  1040 err  0  
[2021/07/06 18:22:17 655] isr_local  1071 now expires:  1625620937  1632640897  
[2021/07/06 18:22:17 694] isr_local  1644 proc_retcode_grm | errorcode =  0  
[2021/07/06 18:22:17 761] isr_local  2022 grammar id:cmd  
[2021/07/06 18:22:17 763] isr_local  1636 onGrmLocalServiceCb  0  cmd  
