============================================================
Time  2021/07/07 08:01:49 492 
============================================================
[2021/07/07 08:01:49 493] isr_local  2211 os_type is:  Linux  
[2021/07/07 08:01:49 495] isr_local  2220 SYS_MSG_LOAD_LOCAL  
[2021/07/07 08:01:49 499] isr_local  2249 SYS_MSG_REGCB_LOCAL| param0 =  msp_status_cb  
[2021/07/07 08:01:49 506] isr_local  2249 SYS_MSG_REGCB_LOCAL| param0 =  build_grm_cb  
[2021/07/07 08:01:49 510] isr_local  2262 ASR_LOCAL_MSG_BUILD_GRM  
[2021/07/07 08:01:49 512] isr_local  1903 grm_init | params:  engine_type = local, 		asr_res_path = fo|res/asr/common.jet, sample_rate = 16000, 		grm_build_path = res/asr/GrmBuilld,   
[2021/07/07 08:01:49 547] isr_local  805  engine_type  :  local  
[2021/07/07 08:01:49 549] isr_local  805  asr_res_path  :  fo|res/asr/common.jet  
[2021/07/07 08:01:49 551] isr_local  805  sample_rate  :  16000  
[2021/07/07 08:01:49 553] isr_local  805  grm_build_path  :  res/asr/GrmBuilld  
[2021/07/07 08:01:49 561] isr_local  1002 file count =   1  
[2021/07/07 08:01:49 565] isr_local  925  file open type is:   fo  
[2021/07/07 08:01:49 567] isr_local  958  res/asr/common.jet  0  0  
[2021/07/07 08:01:49 568] isr_local  1020 speech_plus_setting  0  
[2021/07/07 08:01:49 570] isr_local  1033 2  nil  res/asr/common.jet  0  0  
[2021/07/07 08:01:49 576] isr_local  1035 res_ver  2  
[2021/07/07 08:01:49 579] isr_local  1036 res 5  6b08cf1b68c811383d0a0ebad4f2c267  
[2021/07/07 08:01:49 580] isr_local  1037 res_new_old_mark  v5pp  
[2021/07/07 08:01:49 582] isr_local  1038 res_usr_name  ""  
[2021/07/07 08:01:49 584] isr_local  1039 res_expires  1632640897  
[2021/07/07 08:01:49 585] isr_local  1040 err  0  
[2021/07/07 08:01:49 587] isr_local  1071 now expires:  1625670109  1632640897  
[2021/07/07 08:01:49 611] isr_local  1644 proc_retcode_grm | errorcode =  0  
[2021/07/07 08:01:49 675] isr_local  2022 grammar id:cmd  
[2021/07/07 08:01:49 679] isr_local  1636 onGrmLocalServiceCb  0  cmd  
