============================================================
Time  2021/07/07 01:52:51 513 
============================================================
[2021/07/07 01:52:51 524] isr_local  2211 os_type is:  Linux  
[2021/07/07 01:52:51 529] isr_local  2220 SYS_MSG_LOAD_LOCAL  
[2021/07/07 01:52:51 537] isr_local  2249 SYS_MSG_REGCB_LOCAL| param0 =  msp_status_cb  
[2021/07/07 01:52:51 548] isr_local  2249 SYS_MSG_REGCB_LOCAL| param0 =  build_grm_cb  
[2021/07/07 01:52:51 556] isr_local  2262 ASR_LOCAL_MSG_BUILD_GRM  
[2021/07/07 01:52:51 559] isr_local  1903 grm_init | params:  engine_type = local, 		asr_res_path = fo|res/asr/common.jet, sample_rate = 16000, 		grm_build_path = res/asr/GrmBuilld,   
[2021/07/07 01:52:51 563] isr_local  805  engine_type  :  local  
[2021/07/07 01:52:51 565] isr_local  805  asr_res_path  :  fo|res/asr/common.jet  
[2021/07/07 01:52:51 568] isr_local  805  sample_rate  :  16000  
[2021/07/07 01:52:51 570] isr_local  805  grm_build_path  :  res/asr/GrmBuilld  
[2021/07/07 01:52:51 580] isr_local  1002 file count =   1  
[2021/07/07 01:52:51 584] isr_local  925  file open type is:   fo  
[2021/07/07 01:52:51 586] isr_local  958  res/asr/common.jet  0  0  
[2021/07/07 01:52:51 588] isr_local  1020 speech_plus_setting  0  
[2021/07/07 01:52:51 590] isr_local  1033 2  nil  res/asr/common.jet  0  0  
[2021/07/07 01:52:51 596] isr_local  1035 res_ver  2  
[2021/07/07 01:52:51 598] isr_local  1036 res 5  6b08cf1b68c811383d0a0ebad4f2c267  
[2021/07/07 01:52:51 601] isr_local  1037 res_new_old_mark  v5pp  
[2021/07/07 01:52:51 603] isr_local  1038 res_usr_name  ""  
[2021/07/07 01:52:51 605] isr_local  1039 res_expires  1632640897  
[2021/07/07 01:52:51 607] isr_local  1040 err  0  
[2021/07/07 01:52:51 608] isr_local  1071 now expires:  1625647971  1632640897  
[2021/07/07 01:52:51 636] isr_local  1644 proc_retcode_grm | errorcode =  0  
[2021/07/07 01:52:51 705] isr_local  2022 grammar id:cmd  
[2021/07/07 01:52:51 711] isr_local  1636 onGrmLocalServiceCb  0  cmd  
